2020-06-24 13:23:22,266 [Worker-1: Loading available Gradle versions] INFO  o.e.b.c.i.u.g.PublishedGradleVersions - Gradle version information cache is up-to-date. Trying to read.
2020-06-24 13:24:06,671 [Worker-10: Importing Maven projects] INFO  o.e.m.c.i.l.LifecycleMappingFactory - Using org.eclipse.m2e.jdt.JarLifecycleMapping lifecycle mapping for MavenProject: org.insa.graphs:be-graphes-gui:0.0.1-SNAPSHOT @ C:\Users\Alexandre\Desktop\BE_GRAPH\BE_GRAPH\be-graphes\be-graphes-gui\pom.xml.
2020-06-24 13:24:06,891 [Worker-10: Importing Maven projects] INFO  o.e.m.c.i.p.WorkspaceClassifierResolverManager - Resolving P/be-graphes-model: org.insa.graphs:be-graphes-model:0.0.1-SNAPSHOT with classifier  to /be-graphes-model/target/classes
2020-06-24 13:24:06,893 [Worker-10: Importing Maven projects] INFO  o.e.m.c.i.p.WorkspaceClassifierResolverManager - Resolving P/be-graphes-algos: org.insa.graphs:be-graphes-algos:0.0.1-SNAPSHOT with classifier  to /be-graphes-algos/target/classes
2020-06-24 13:24:06,997 [Worker-10: Importing Maven projects] INFO  o.e.m.c.i.l.LifecycleMappingFactory - Using org.eclipse.m2e.jdt.JarLifecycleMapping lifecycle mapping for MavenProject: org.insa.graphs:be-graphes-model:0.0.1-SNAPSHOT @ C:\Users\Alexandre\Desktop\BE_GRAPH\BE_GRAPH\be-graphes\be-graphes-model\pom.xml.
2020-06-24 13:24:07,079 [Worker-10: Importing Maven projects] INFO  o.e.m.c.i.l.LifecycleMappingFactory - Using org.eclipse.m2e.jdt.JarLifecycleMapping lifecycle mapping for MavenProject: org.insa.graphs:be-graphes-algos:0.0.1-SNAPSHOT @ C:\Users\Alexandre\Desktop\BE_GRAPH\BE_GRAPH\be-graphes\be-graphes-algos\pom.xml.
2020-06-24 13:24:07,080 [Worker-10: Importing Maven projects] INFO  o.e.m.c.i.p.WorkspaceClassifierResolverManager - Resolving P/be-graphes-model: org.insa.graphs:be-graphes-model:0.0.1-SNAPSHOT with classifier  to /be-graphes-model/target/classes
2020-06-24 13:24:07,196 [Worker-10: Importing Maven projects] INFO  o.e.m.c.i.l.LifecycleMappingFactory - Using org.eclipse.m2e.jdt.JarLifecycleMapping lifecycle mapping for MavenProject: org.insa.graphs:be-graphes-gui:0.0.1-SNAPSHOT @ C:\Users\Alexandre\Desktop\BE_GRAPH\BE_GRAPH\be-graphes\be-graphes-gui\pom.xml.
2020-06-24 13:24:07,203 [Worker-10: Importing Maven projects] INFO  o.e.m.c.i.p.WorkspaceClassifierResolverManager - Resolving P/be-graphes-model: org.insa.graphs:be-graphes-model:0.0.1-SNAPSHOT with classifier  to /be-graphes-model/target/classes
2020-06-24 13:24:07,203 [Worker-10: Importing Maven projects] INFO  o.e.m.c.i.p.WorkspaceClassifierResolverManager - Resolving P/be-graphes-algos: org.insa.graphs:be-graphes-algos:0.0.1-SNAPSHOT with classifier  to /be-graphes-algos/target/classes
2020-06-24 13:24:09,106 [Worker-10: Importing Maven projects] INFO  o.e.m.j.i.AbstractJavaProjectConfigurator - Adding source folder /be-graphes-model/src/main/java
2020-06-24 13:24:09,107 [Worker-10: Importing Maven projects] INFO  o.e.m.j.i.AbstractJavaProjectConfigurator - Adding source folder /be-graphes-model/src/test/java
2020-06-24 13:24:09,186 [Worker-10: Importing Maven projects] INFO  o.e.m.j.i.AbstractJavaProjectConfigurator - Adding source folder /be-graphes-algos/src/main/java
2020-06-24 13:24:09,188 [Worker-10: Importing Maven projects] INFO  o.e.m.j.i.AbstractJavaProjectConfigurator - Adding source folder /be-graphes-algos/src/test/java
2020-06-24 13:24:09,249 [Worker-10: Importing Maven projects] INFO  o.e.m.j.i.AbstractJavaProjectConfigurator - Adding source folder /be-graphes-gui/src/main/java
2020-06-24 13:24:09,250 [Worker-10: Importing Maven projects] INFO  o.e.m.j.i.AbstractJavaProjectConfigurator - Adding resource folder /be-graphes-gui/src/main/resources
2020-06-24 13:24:09,251 [Worker-10: Importing Maven projects] INFO  o.e.m.j.i.AbstractJavaProjectConfigurator - Adding source folder /be-graphes-gui/src/test/java
2020-06-24 13:24:09,336 [Worker-10: Importing Maven projects] INFO  o.e.m.c.i.p.ProjectConfigurationManager - Imported and configured 3 project(s) in 7 sec
2020-06-24 13:24:10,524 [Worker-17: Building] INFO  o.e.m.c.i.embedder.EclipseLogger - Using 'UTF-8' encoding to copy filtered resources.
2020-06-24 13:24:10,524 [Worker-17: Building] INFO  o.e.m.c.i.embedder.EclipseLogger - skip non existing resourceDirectory C:\Users\Alexandre\Desktop\BE_GRAPH\BE_GRAPH\be-graphes\be-graphes-model\src\main\resources
2020-06-24 13:24:10,528 [Worker-17: Building] INFO  o.e.m.c.i.embedder.EclipseLogger - Using 'UTF-8' encoding to copy filtered resources.
2020-06-24 13:24:10,528 [Worker-17: Building] INFO  o.e.m.c.i.embedder.EclipseLogger - skip non existing resourceDirectory C:\Users\Alexandre\Desktop\BE_GRAPH\BE_GRAPH\be-graphes\be-graphes-model\src\test\resources
2020-06-24 13:24:11,180 [Worker-17: Building] INFO  o.e.m.c.i.p.WorkspaceClassifierResolverManager - Resolving P/be-graphes-model: org.insa.graphs:be-graphes-model:0.0.1-SNAPSHOT with classifier  to /be-graphes-model/target/classes
2020-06-24 13:24:11,186 [Worker-17: Building] INFO  o.e.m.c.i.embedder.EclipseLogger - Using 'UTF-8' encoding to copy filtered resources.
2020-06-24 13:24:11,187 [Worker-17: Building] INFO  o.e.m.c.i.embedder.EclipseLogger - skip non existing resourceDirectory C:\Users\Alexandre\Desktop\BE_GRAPH\BE_GRAPH\be-graphes\be-graphes-algos\src\main\resources
2020-06-24 13:24:11,188 [Worker-17: Building] INFO  o.e.m.c.i.embedder.EclipseLogger - Using 'UTF-8' encoding to copy filtered resources.
2020-06-24 13:24:11,188 [Worker-17: Building] INFO  o.e.m.c.i.embedder.EclipseLogger - skip non existing resourceDirectory C:\Users\Alexandre\Desktop\BE_GRAPH\BE_GRAPH\be-graphes\be-graphes-algos\src\test\resources
2020-06-24 13:24:12,155 [Worker-17: Building] INFO  o.e.m.c.i.p.WorkspaceClassifierResolverManager - Resolving P/be-graphes-model: org.insa.graphs:be-graphes-model:0.0.1-SNAPSHOT with classifier  to /be-graphes-model/target/classes
2020-06-24 13:24:12,155 [Worker-17: Building] INFO  o.e.m.c.i.p.WorkspaceClassifierResolverManager - Resolving P/be-graphes-algos: org.insa.graphs:be-graphes-algos:0.0.1-SNAPSHOT with classifier  to /be-graphes-algos/target/classes
2020-06-24 13:24:12,162 [Worker-17: Building] INFO  o.e.m.c.i.embedder.EclipseLogger - Using 'UTF-8' encoding to copy filtered resources.
2020-06-24 13:24:12,166 [Worker-17: Building] INFO  o.e.m.c.i.embedder.EclipseLogger - Copying 5 resources
2020-06-24 13:24:12,202 [Worker-17: Building] INFO  o.e.m.c.i.embedder.EclipseLogger - Using 'UTF-8' encoding to copy filtered resources.
2020-06-24 13:24:12,203 [Worker-17: Building] INFO  o.e.m.c.i.embedder.EclipseLogger - skip non existing resourceDirectory C:\Users\Alexandre\Desktop\BE_GRAPH\BE_GRAPH\be-graphes\be-graphes-gui\src\test\resources
2020-06-24 13:24:50,093 [Worker-20: Launching be-graphes-algos] INFO  o.e.m.c.i.p.WorkspaceClassifierResolverManager - Resolving P/be-graphes-model: org.insa.graphs:be-graphes-model:0.0.1-SNAPSHOT with classifier null to /be-graphes-model/target/classes
2020-06-24 13:59:44,598 [Worker-26: Launching New_configuration] INFO  o.e.m.c.i.p.WorkspaceClassifierResolverManager - Resolving P/be-graphes-model: org.insa.graphs:be-graphes-model:0.0.1-SNAPSHOT with classifier null to /be-graphes-model/target/classes
2020-06-24 13:59:44,599 [Worker-26: Launching New_configuration] INFO  o.e.m.c.i.p.WorkspaceClassifierResolverManager - Resolving P/be-graphes-algos: org.insa.graphs:be-graphes-algos:0.0.1-SNAPSHOT with classifier null to /be-graphes-algos/target/classes
2020-06-24 14:10:36,562 [Worker-23: Building] INFO  o.e.m.c.i.embedder.EclipseLogger - Using 'UTF-8' encoding to copy filtered resources.
2020-06-24 14:10:36,563 [Worker-23: Building] INFO  o.e.m.c.i.embedder.EclipseLogger - skip non existing resourceDirectory C:\Users\Alexandre\Desktop\BE_GRAPH\BE_GRAPH\be-graphes\be-graphes-algos\src\main\resources
2020-06-24 14:10:36,564 [Worker-23: Building] INFO  o.e.m.c.i.embedder.EclipseLogger - Using 'UTF-8' encoding to copy filtered resources.
2020-06-24 14:10:36,564 [Worker-23: Building] INFO  o.e.m.c.i.embedder.EclipseLogger - skip non existing resourceDirectory C:\Users\Alexandre\Desktop\BE_GRAPH\BE_GRAPH\be-graphes\be-graphes-algos\src\test\resources
2020-06-24 14:10:48,795 [Worker-23: Building] INFO  o.e.m.c.i.embedder.EclipseLogger - Using 'UTF-8' encoding to copy filtered resources.
2020-06-24 14:10:48,795 [Worker-23: Building] INFO  o.e.m.c.i.embedder.EclipseLogger - skip non existing resourceDirectory C:\Users\Alexandre\Desktop\BE_GRAPH\BE_GRAPH\be-graphes\be-graphes-algos\src\main\resources
2020-06-24 14:10:48,796 [Worker-23: Building] INFO  o.e.m.c.i.embedder.EclipseLogger - Using 'UTF-8' encoding to copy filtered resources.
2020-06-24 14:10:48,796 [Worker-23: Building] INFO  o.e.m.c.i.embedder.EclipseLogger - skip non existing resourceDirectory C:\Users\Alexandre\Desktop\BE_GRAPH\BE_GRAPH\be-graphes\be-graphes-algos\src\test\resources
2020-06-24 14:29:43,099 [Worker-33: Building] INFO  o.e.m.c.i.embedder.EclipseLogger - Using 'UTF-8' encoding to copy filtered resources.
2020-06-24 14:29:43,099 [Worker-33: Building] INFO  o.e.m.c.i.embedder.EclipseLogger - skip non existing resourceDirectory C:\Users\Alexandre\Desktop\BE_GRAPH\BE_GRAPH\be-graphes\be-graphes-algos\src\main\resources
2020-06-24 14:29:43,101 [Worker-33: Building] INFO  o.e.m.c.i.embedder.EclipseLogger - Using 'UTF-8' encoding to copy filtered resources.
2020-06-24 14:29:43,101 [Worker-33: Building] INFO  o.e.m.c.i.embedder.EclipseLogger - skip non existing resourceDirectory C:\Users\Alexandre\Desktop\BE_GRAPH\BE_GRAPH\be-graphes\be-graphes-algos\src\test\resources
2020-06-24 14:44:08,379 [Worker-36: Building] INFO  o.e.m.c.i.embedder.EclipseLogger - Using 'UTF-8' encoding to copy filtered resources.
2020-06-24 14:44:08,379 [Worker-36: Building] INFO  o.e.m.c.i.embedder.EclipseLogger - skip non existing resourceDirectory C:\Users\Alexandre\Desktop\BE_GRAPH\BE_GRAPH\be-graphes\be-graphes-algos\src\main\resources
2020-06-24 14:44:08,380 [Worker-36: Building] INFO  o.e.m.c.i.embedder.EclipseLogger - Using 'UTF-8' encoding to copy filtered resources.
2020-06-24 14:44:08,380 [Worker-36: Building] INFO  o.e.m.c.i.embedder.EclipseLogger - skip non existing resourceDirectory C:\Users\Alexandre\Desktop\BE_GRAPH\BE_GRAPH\be-graphes\be-graphes-algos\src\test\resources
2020-06-24 14:45:11,517 [Worker-36: Building] INFO  o.e.m.c.i.embedder.EclipseLogger - Using 'UTF-8' encoding to copy filtered resources.
2020-06-24 14:45:11,518 [Worker-36: Building] INFO  o.e.m.c.i.embedder.EclipseLogger - skip non existing resourceDirectory C:\Users\Alexandre\Desktop\BE_GRAPH\BE_GRAPH\be-graphes\be-graphes-algos\src\main\resources
2020-06-24 14:45:11,519 [Worker-36: Building] INFO  o.e.m.c.i.embedder.EclipseLogger - Using 'UTF-8' encoding to copy filtered resources.
2020-06-24 14:45:11,519 [Worker-36: Building] INFO  o.e.m.c.i.embedder.EclipseLogger - skip non existing resourceDirectory C:\Users\Alexandre\Desktop\BE_GRAPH\BE_GRAPH\be-graphes\be-graphes-algos\src\test\resources
2020-06-24 14:46:23,741 [Worker-37: Building] INFO  o.e.m.c.i.embedder.EclipseLogger - Using 'UTF-8' encoding to copy filtered resources.
2020-06-24 14:46:23,742 [Worker-37: Building] INFO  o.e.m.c.i.embedder.EclipseLogger - skip non existing resourceDirectory C:\Users\Alexandre\Desktop\BE_GRAPH\BE_GRAPH\be-graphes\be-graphes-algos\src\main\resources
2020-06-24 14:46:23,743 [Worker-37: Building] INFO  o.e.m.c.i.embedder.EclipseLogger - Using 'UTF-8' encoding to copy filtered resources.
2020-06-24 14:46:23,743 [Worker-37: Building] INFO  o.e.m.c.i.embedder.EclipseLogger - skip non existing resourceDirectory C:\Users\Alexandre\Desktop\BE_GRAPH\BE_GRAPH\be-graphes\be-graphes-algos\src\test\resources
2020-06-24 14:47:07,551 [Worker-36: Launching be-graphes-algos] INFO  o.e.m.c.i.p.WorkspaceClassifierResolverManager - Resolving P/be-graphes-model: org.insa.graphs:be-graphes-model:0.0.1-SNAPSHOT with classifier null to /be-graphes-model/target/classes
2020-06-24 14:47:45,217 [Worker-40: Launching MainFrame] INFO  o.e.m.c.i.p.WorkspaceClassifierResolverManager - Resolving P/be-graphes-model: org.insa.graphs:be-graphes-model:0.0.1-SNAPSHOT with classifier null to /be-graphes-model/target/classes
2020-06-24 14:47:45,218 [Worker-40: Launching MainFrame] INFO  o.e.m.c.i.p.WorkspaceClassifierResolverManager - Resolving P/be-graphes-algos: org.insa.graphs:be-graphes-algos:0.0.1-SNAPSHOT with classifier null to /be-graphes-algos/target/classes
2020-06-24 14:47:56,072 [Worker-39: Launching New_configuration] INFO  o.e.m.c.i.p.WorkspaceClassifierResolverManager - Resolving P/be-graphes-model: org.insa.graphs:be-graphes-model:0.0.1-SNAPSHOT with classifier null to /be-graphes-model/target/classes
2020-06-24 14:47:56,072 [Worker-39: Launching New_configuration] INFO  o.e.m.c.i.p.WorkspaceClassifierResolverManager - Resolving P/be-graphes-algos: org.insa.graphs:be-graphes-algos:0.0.1-SNAPSHOT with classifier null to /be-graphes-algos/target/classes
2020-06-24 14:51:28,773 [Worker-37: Launching DijkstraAStarTest] INFO  o.e.m.c.i.p.WorkspaceClassifierResolverManager - Resolving P/be-graphes-model: org.insa.graphs:be-graphes-model:0.0.1-SNAPSHOT with classifier null to /be-graphes-model/target/classes
2020-06-24 14:53:58,483 [Worker-42: Launching New_configuration] INFO  o.e.m.c.i.p.WorkspaceClassifierResolverManager - Resolving P/be-graphes-model: org.insa.graphs:be-graphes-model:0.0.1-SNAPSHOT with classifier null to /be-graphes-model/target/classes
2020-06-24 14:53:58,483 [Worker-42: Launching New_configuration] INFO  o.e.m.c.i.p.WorkspaceClassifierResolverManager - Resolving P/be-graphes-algos: org.insa.graphs:be-graphes-algos:0.0.1-SNAPSHOT with classifier null to /be-graphes-algos/target/classes
2020-06-24 15:07:44,546 [Worker-40: Launching PerformanceDijkstraAStar] INFO  o.e.m.c.i.p.WorkspaceClassifierResolverManager - Resolving P/be-graphes-model: org.insa.graphs:be-graphes-model:0.0.1-SNAPSHOT with classifier null to /be-graphes-model/target/classes
2020-06-24 15:08:20,465 [Worker-46: Launching New_configuration] INFO  o.e.m.c.i.p.WorkspaceClassifierResolverManager - Resolving P/be-graphes-model: org.insa.graphs:be-graphes-model:0.0.1-SNAPSHOT with classifier null to /be-graphes-model/target/classes
2020-06-24 15:08:20,465 [Worker-46: Launching New_configuration] INFO  o.e.m.c.i.p.WorkspaceClassifierResolverManager - Resolving P/be-graphes-algos: org.insa.graphs:be-graphes-algos:0.0.1-SNAPSHOT with classifier null to /be-graphes-algos/target/classes
2020-06-24 15:10:49,777 [Worker-46: Launching PerformanceDijkstraAStar] INFO  o.e.m.c.i.p.WorkspaceClassifierResolverManager - Resolving P/be-graphes-model: org.insa.graphs:be-graphes-model:0.0.1-SNAPSHOT with classifier null to /be-graphes-model/target/classes
2020-06-24 15:17:52,823 [Worker-52: Building] INFO  o.e.m.c.i.embedder.EclipseLogger - Using 'UTF-8' encoding to copy filtered resources.
2020-06-24 15:17:52,824 [Worker-52: Building] INFO  o.e.m.c.i.embedder.EclipseLogger - skip non existing resourceDirectory C:\Users\Alexandre\Desktop\BE_GRAPH\BE_GRAPH\be-graphes\be-graphes-algos\src\main\resources
2020-06-24 15:17:52,825 [Worker-52: Building] INFO  o.e.m.c.i.embedder.EclipseLogger - Using 'UTF-8' encoding to copy filtered resources.
2020-06-24 15:17:52,825 [Worker-52: Building] INFO  o.e.m.c.i.embedder.EclipseLogger - skip non existing resourceDirectory C:\Users\Alexandre\Desktop\BE_GRAPH\BE_GRAPH\be-graphes\be-graphes-algos\src\test\resources
2020-06-24 15:18:00,288 [Worker-50: Building] INFO  o.e.m.c.i.embedder.EclipseLogger - Using 'UTF-8' encoding to copy filtered resources.
2020-06-24 15:18:00,288 [Worker-50: Building] INFO  o.e.m.c.i.embedder.EclipseLogger - skip non existing resourceDirectory C:\Users\Alexandre\Desktop\BE_GRAPH\BE_GRAPH\be-graphes\be-graphes-algos\src\main\resources
2020-06-24 15:18:00,290 [Worker-50: Building] INFO  o.e.m.c.i.embedder.EclipseLogger - Using 'UTF-8' encoding to copy filtered resources.
2020-06-24 15:18:00,290 [Worker-50: Building] INFO  o.e.m.c.i.embedder.EclipseLogger - skip non existing resourceDirectory C:\Users\Alexandre\Desktop\BE_GRAPH\BE_GRAPH\be-graphes\be-graphes-algos\src\test\resources
2020-06-24 15:18:27,166 [Worker-57: Launching PerformanceDijkstraAStar] INFO  o.e.m.c.i.p.WorkspaceClassifierResolverManager - Resolving P/be-graphes-model: org.insa.graphs:be-graphes-model:0.0.1-SNAPSHOT with classifier null to /be-graphes-model/target/classes
2020-06-24 15:18:54,681 [Worker-50: Building] INFO  o.e.m.c.i.embedder.EclipseLogger - Using 'UTF-8' encoding to copy filtered resources.
2020-06-24 15:18:54,681 [Worker-50: Building] INFO  o.e.m.c.i.embedder.EclipseLogger - skip non existing resourceDirectory C:\Users\Alexandre\Desktop\BE_GRAPH\BE_GRAPH\be-graphes\be-graphes-algos\src\main\resources
2020-06-24 15:18:54,682 [Worker-50: Building] INFO  o.e.m.c.i.embedder.EclipseLogger - Using 'UTF-8' encoding to copy filtered resources.
2020-06-24 15:18:54,682 [Worker-50: Building] INFO  o.e.m.c.i.embedder.EclipseLogger - skip non existing resourceDirectory C:\Users\Alexandre\Desktop\BE_GRAPH\BE_GRAPH\be-graphes\be-graphes-algos\src\test\resources
2020-06-24 15:19:01,774 [Worker-52: Launching PerformanceDijkstraAStar] INFO  o.e.m.c.i.p.WorkspaceClassifierResolverManager - Resolving P/be-graphes-model: org.insa.graphs:be-graphes-model:0.0.1-SNAPSHOT with classifier null to /be-graphes-model/target/classes
2020-06-24 15:20:27,766 [Worker-54: Building] INFO  o.e.m.c.i.embedder.EclipseLogger - Using 'UTF-8' encoding to copy filtered resources.
2020-06-24 15:20:27,766 [Worker-54: Building] INFO  o.e.m.c.i.embedder.EclipseLogger - skip non existing resourceDirectory C:\Users\Alexandre\Desktop\BE_GRAPH\BE_GRAPH\be-graphes\be-graphes-algos\src\main\resources
2020-06-24 15:20:27,767 [Worker-54: Building] INFO  o.e.m.c.i.embedder.EclipseLogger - Using 'UTF-8' encoding to copy filtered resources.
2020-06-24 15:20:27,767 [Worker-54: Building] INFO  o.e.m.c.i.embedder.EclipseLogger - skip non existing resourceDirectory C:\Users\Alexandre\Desktop\BE_GRAPH\BE_GRAPH\be-graphes\be-graphes-algos\src\test\resources
2020-06-24 15:21:01,715 [Worker-54: Building] INFO  o.e.m.c.i.embedder.EclipseLogger - Using 'UTF-8' encoding to copy filtered resources.
2020-06-24 15:21:01,715 [Worker-54: Building] INFO  o.e.m.c.i.embedder.EclipseLogger - skip non existing resourceDirectory C:\Users\Alexandre\Desktop\BE_GRAPH\BE_GRAPH\be-graphes\be-graphes-algos\src\main\resources
2020-06-24 15:21:01,717 [Worker-54: Building] INFO  o.e.m.c.i.embedder.EclipseLogger - Using 'UTF-8' encoding to copy filtered resources.
2020-06-24 15:21:01,717 [Worker-54: Building] INFO  o.e.m.c.i.embedder.EclipseLogger - skip non existing resourceDirectory C:\Users\Alexandre\Desktop\BE_GRAPH\BE_GRAPH\be-graphes\be-graphes-algos\src\test\resources
2020-06-24 15:21:07,705 [Worker-56: Launching PerformanceDijkstraAStar] INFO  o.e.m.c.i.p.WorkspaceClassifierResolverManager - Resolving P/be-graphes-model: org.insa.graphs:be-graphes-model:0.0.1-SNAPSHOT with classifier null to /be-graphes-model/target/classes
2020-06-24 15:22:44,760 [Worker-57: Building] INFO  o.e.m.c.i.embedder.EclipseLogger - Using 'UTF-8' encoding to copy filtered resources.
2020-06-24 15:22:44,760 [Worker-57: Building] INFO  o.e.m.c.i.embedder.EclipseLogger - skip non existing resourceDirectory C:\Users\Alexandre\Desktop\BE_GRAPH\BE_GRAPH\be-graphes\be-graphes-algos\src\main\resources
2020-06-24 15:22:44,761 [Worker-57: Building] INFO  o.e.m.c.i.embedder.EclipseLogger - Using 'UTF-8' encoding to copy filtered resources.
2020-06-24 15:22:44,761 [Worker-57: Building] INFO  o.e.m.c.i.embedder.EclipseLogger - skip non existing resourceDirectory C:\Users\Alexandre\Desktop\BE_GRAPH\BE_GRAPH\be-graphes\be-graphes-algos\src\test\resources
2020-06-24 15:23:08,363 [Worker-57: Launching PerformanceDijkstraAStar] INFO  o.e.m.c.i.p.WorkspaceClassifierResolverManager - Resolving P/be-graphes-model: org.insa.graphs:be-graphes-model:0.0.1-SNAPSHOT with classifier null to /be-graphes-model/target/classes
2020-06-24 15:23:59,632 [Worker-55: Building] INFO  o.e.m.c.i.embedder.EclipseLogger - Using 'UTF-8' encoding to copy filtered resources.
2020-06-24 15:23:59,632 [Worker-55: Building] INFO  o.e.m.c.i.embedder.EclipseLogger - skip non existing resourceDirectory C:\Users\Alexandre\Desktop\BE_GRAPH\BE_GRAPH\be-graphes\be-graphes-algos\src\main\resources
2020-06-24 15:23:59,633 [Worker-55: Building] INFO  o.e.m.c.i.embedder.EclipseLogger - Using 'UTF-8' encoding to copy filtered resources.
2020-06-24 15:23:59,634 [Worker-55: Building] INFO  o.e.m.c.i.embedder.EclipseLogger - skip non existing resourceDirectory C:\Users\Alexandre\Desktop\BE_GRAPH\BE_GRAPH\be-graphes\be-graphes-algos\src\test\resources
2020-06-24 15:24:09,559 [Worker-52: Building] INFO  o.e.m.c.i.embedder.EclipseLogger - Using 'UTF-8' encoding to copy filtered resources.
2020-06-24 15:24:09,559 [Worker-52: Building] INFO  o.e.m.c.i.embedder.EclipseLogger - skip non existing resourceDirectory C:\Users\Alexandre\Desktop\BE_GRAPH\BE_GRAPH\be-graphes\be-graphes-algos\src\main\resources
2020-06-24 15:24:09,561 [Worker-52: Building] INFO  o.e.m.c.i.embedder.EclipseLogger - Using 'UTF-8' encoding to copy filtered resources.
2020-06-24 15:24:09,561 [Worker-52: Building] INFO  o.e.m.c.i.embedder.EclipseLogger - skip non existing resourceDirectory C:\Users\Alexandre\Desktop\BE_GRAPH\BE_GRAPH\be-graphes\be-graphes-algos\src\test\resources
2020-06-24 15:24:13,782 [Worker-56: Launching PerformanceDijkstraAStar] INFO  o.e.m.c.i.p.WorkspaceClassifierResolverManager - Resolving P/be-graphes-model: org.insa.graphs:be-graphes-model:0.0.1-SNAPSHOT with classifier null to /be-graphes-model/target/classes
2020-06-24 16:57:05,340 [Worker-66: Building] INFO  o.e.m.c.i.embedder.EclipseLogger - Using 'UTF-8' encoding to copy filtered resources.
2020-06-24 16:57:05,341 [Worker-66: Building] INFO  o.e.m.c.i.embedder.EclipseLogger - skip non existing resourceDirectory C:\Users\Alexandre\Desktop\BE_GRAPH\BE_GRAPH\be-graphes\be-graphes-algos\src\main\resources
2020-06-24 16:57:05,342 [Worker-66: Building] INFO  o.e.m.c.i.embedder.EclipseLogger - Using 'UTF-8' encoding to copy filtered resources.
2020-06-24 16:57:05,342 [Worker-66: Building] INFO  o.e.m.c.i.embedder.EclipseLogger - skip non existing resourceDirectory C:\Users\Alexandre\Desktop\BE_GRAPH\BE_GRAPH\be-graphes\be-graphes-algos\src\test\resources
2020-06-24 16:57:35,284 [Worker-66: Building] INFO  o.e.m.c.i.embedder.EclipseLogger - Using 'UTF-8' encoding to copy filtered resources.
2020-06-24 16:57:35,285 [Worker-66: Building] INFO  o.e.m.c.i.embedder.EclipseLogger - skip non existing resourceDirectory C:\Users\Alexandre\Desktop\BE_GRAPH\BE_GRAPH\be-graphes\be-graphes-algos\src\main\resources
2020-06-24 16:57:35,286 [Worker-66: Building] INFO  o.e.m.c.i.embedder.EclipseLogger - Using 'UTF-8' encoding to copy filtered resources.
2020-06-24 16:57:35,286 [Worker-66: Building] INFO  o.e.m.c.i.embedder.EclipseLogger - skip non existing resourceDirectory C:\Users\Alexandre\Desktop\BE_GRAPH\BE_GRAPH\be-graphes\be-graphes-algos\src\test\resources
2020-06-24 16:58:00,847 [Worker-50: Building] INFO  o.e.m.c.i.embedder.EclipseLogger - Using 'UTF-8' encoding to copy filtered resources.
2020-06-24 16:58:00,848 [Worker-50: Building] INFO  o.e.m.c.i.embedder.EclipseLogger - skip non existing resourceDirectory C:\Users\Alexandre\Desktop\BE_GRAPH\BE_GRAPH\be-graphes\be-graphes-algos\src\main\resources
2020-06-24 16:58:00,849 [Worker-50: Building] INFO  o.e.m.c.i.embedder.EclipseLogger - Using 'UTF-8' encoding to copy filtered resources.
2020-06-24 16:58:00,849 [Worker-50: Building] INFO  o.e.m.c.i.embedder.EclipseLogger - skip non existing resourceDirectory C:\Users\Alexandre\Desktop\BE_GRAPH\BE_GRAPH\be-graphes\be-graphes-algos\src\test\resources
2020-06-24 16:58:35,953 [Worker-50: Building] INFO  o.e.m.c.i.embedder.EclipseLogger - Using 'UTF-8' encoding to copy filtered resources.
2020-06-24 16:58:35,953 [Worker-50: Building] INFO  o.e.m.c.i.embedder.EclipseLogger - skip non existing resourceDirectory C:\Users\Alexandre\Desktop\BE_GRAPH\BE_GRAPH\be-graphes\be-graphes-algos\src\main\resources
2020-06-24 16:58:35,953 [Worker-50: Building] INFO  o.e.m.c.i.embedder.EclipseLogger - Using 'UTF-8' encoding to copy filtered resources.
2020-06-24 16:58:35,954 [Worker-50: Building] INFO  o.e.m.c.i.embedder.EclipseLogger - skip non existing resourceDirectory C:\Users\Alexandre\Desktop\BE_GRAPH\BE_GRAPH\be-graphes\be-graphes-algos\src\test\resources
2020-06-24 16:58:42,786 [Worker-66: Launching PerformanceDijkstraAStar] INFO  o.e.m.c.i.p.WorkspaceClassifierResolverManager - Resolving P/be-graphes-model: org.insa.graphs:be-graphes-model:0.0.1-SNAPSHOT with classifier null to /be-graphes-model/target/classes
2020-06-24 16:59:46,447 [Worker-50: Building] INFO  o.e.m.c.i.embedder.EclipseLogger - Using 'UTF-8' encoding to copy filtered resources.
2020-06-24 16:59:46,447 [Worker-50: Building] INFO  o.e.m.c.i.embedder.EclipseLogger - skip non existing resourceDirectory C:\Users\Alexandre\Desktop\BE_GRAPH\BE_GRAPH\be-graphes\be-graphes-algos\src\main\resources
2020-06-24 16:59:46,448 [Worker-50: Building] INFO  o.e.m.c.i.embedder.EclipseLogger - Using 'UTF-8' encoding to copy filtered resources.
2020-06-24 16:59:46,448 [Worker-50: Building] INFO  o.e.m.c.i.embedder.EclipseLogger - skip non existing resourceDirectory C:\Users\Alexandre\Desktop\BE_GRAPH\BE_GRAPH\be-graphes\be-graphes-algos\src\test\resources
2020-06-24 16:59:52,287 [Worker-70: Launching PerformanceDijkstraAStar] INFO  o.e.m.c.i.p.WorkspaceClassifierResolverManager - Resolving P/be-graphes-model: org.insa.graphs:be-graphes-model:0.0.1-SNAPSHOT with classifier null to /be-graphes-model/target/classes
2020-06-24 17:00:09,492 [Worker-67: Building] INFO  o.e.m.c.i.embedder.EclipseLogger - Using 'UTF-8' encoding to copy filtered resources.
2020-06-24 17:00:09,492 [Worker-67: Building] INFO  o.e.m.c.i.embedder.EclipseLogger - skip non existing resourceDirectory C:\Users\Alexandre\Desktop\BE_GRAPH\BE_GRAPH\be-graphes\be-graphes-algos\src\main\resources
2020-06-24 17:00:09,493 [Worker-67: Building] INFO  o.e.m.c.i.embedder.EclipseLogger - Using 'UTF-8' encoding to copy filtered resources.
2020-06-24 17:00:09,493 [Worker-67: Building] INFO  o.e.m.c.i.embedder.EclipseLogger - skip non existing resourceDirectory C:\Users\Alexandre\Desktop\BE_GRAPH\BE_GRAPH\be-graphes\be-graphes-algos\src\test\resources
2020-06-24 17:00:13,668 [Worker-59: Building] INFO  o.e.m.c.i.embedder.EclipseLogger - Using 'UTF-8' encoding to copy filtered resources.
2020-06-24 17:00:13,668 [Worker-59: Building] INFO  o.e.m.c.i.embedder.EclipseLogger - skip non existing resourceDirectory C:\Users\Alexandre\Desktop\BE_GRAPH\BE_GRAPH\be-graphes\be-graphes-algos\src\main\resources
2020-06-24 17:00:13,669 [Worker-59: Building] INFO  o.e.m.c.i.embedder.EclipseLogger - Using 'UTF-8' encoding to copy filtered resources.
2020-06-24 17:00:13,669 [Worker-59: Building] INFO  o.e.m.c.i.embedder.EclipseLogger - skip non existing resourceDirectory C:\Users\Alexandre\Desktop\BE_GRAPH\BE_GRAPH\be-graphes\be-graphes-algos\src\test\resources
2020-06-24 17:00:18,886 [Worker-70: Launching PerformanceDijkstraAStar] INFO  o.e.m.c.i.p.WorkspaceClassifierResolverManager - Resolving P/be-graphes-model: org.insa.graphs:be-graphes-model:0.0.1-SNAPSHOT with classifier null to /be-graphes-model/target/classes
2020-06-24 17:00:43,415 [Worker-70: Building] INFO  o.e.m.c.i.embedder.EclipseLogger - Using 'UTF-8' encoding to copy filtered resources.
2020-06-24 17:00:43,415 [Worker-70: Building] INFO  o.e.m.c.i.embedder.EclipseLogger - skip non existing resourceDirectory C:\Users\Alexandre\Desktop\BE_GRAPH\BE_GRAPH\be-graphes\be-graphes-algos\src\main\resources
2020-06-24 17:00:43,416 [Worker-70: Building] INFO  o.e.m.c.i.embedder.EclipseLogger - Using 'UTF-8' encoding to copy filtered resources.
2020-06-24 17:00:43,416 [Worker-70: Building] INFO  o.e.m.c.i.embedder.EclipseLogger - skip non existing resourceDirectory C:\Users\Alexandre\Desktop\BE_GRAPH\BE_GRAPH\be-graphes\be-graphes-algos\src\test\resources
2020-06-24 17:00:47,352 [Worker-68: Building] INFO  o.e.m.c.i.embedder.EclipseLogger - Using 'UTF-8' encoding to copy filtered resources.
2020-06-24 17:00:47,352 [Worker-68: Building] INFO  o.e.m.c.i.embedder.EclipseLogger - skip non existing resourceDirectory C:\Users\Alexandre\Desktop\BE_GRAPH\BE_GRAPH\be-graphes\be-graphes-algos\src\main\resources
2020-06-24 17:00:47,353 [Worker-68: Building] INFO  o.e.m.c.i.embedder.EclipseLogger - Using 'UTF-8' encoding to copy filtered resources.
2020-06-24 17:00:47,353 [Worker-68: Building] INFO  o.e.m.c.i.embedder.EclipseLogger - skip non existing resourceDirectory C:\Users\Alexandre\Desktop\BE_GRAPH\BE_GRAPH\be-graphes\be-graphes-algos\src\test\resources
2020-06-24 17:00:53,267 [Worker-66: Launching PerformanceDijkstraAStar] INFO  o.e.m.c.i.p.WorkspaceClassifierResolverManager - Resolving P/be-graphes-model: org.insa.graphs:be-graphes-model:0.0.1-SNAPSHOT with classifier null to /be-graphes-model/target/classes
2020-06-24 17:01:19,501 [Worker-69: Building] INFO  o.e.m.c.i.embedder.EclipseLogger - Using 'UTF-8' encoding to copy filtered resources.
2020-06-24 17:01:19,502 [Worker-69: Building] INFO  o.e.m.c.i.embedder.EclipseLogger - skip non existing resourceDirectory C:\Users\Alexandre\Desktop\BE_GRAPH\BE_GRAPH\be-graphes\be-graphes-algos\src\main\resources
2020-06-24 17:01:19,502 [Worker-69: Building] INFO  o.e.m.c.i.embedder.EclipseLogger - Using 'UTF-8' encoding to copy filtered resources.
2020-06-24 17:01:19,502 [Worker-69: Building] INFO  o.e.m.c.i.embedder.EclipseLogger - skip non existing resourceDirectory C:\Users\Alexandre\Desktop\BE_GRAPH\BE_GRAPH\be-graphes\be-graphes-algos\src\test\resources
2020-06-24 17:01:27,895 [Worker-71: Launching PerformanceDijkstraAStar] INFO  o.e.m.c.i.p.WorkspaceClassifierResolverManager - Resolving P/be-graphes-model: org.insa.graphs:be-graphes-model:0.0.1-SNAPSHOT with classifier null to /be-graphes-model/target/classes
2020-06-24 17:02:00,837 [Worker-69: Building] INFO  o.e.m.c.i.embedder.EclipseLogger - Using 'UTF-8' encoding to copy filtered resources.
2020-06-24 17:02:00,838 [Worker-69: Building] INFO  o.e.m.c.i.embedder.EclipseLogger - skip non existing resourceDirectory C:\Users\Alexandre\Desktop\BE_GRAPH\BE_GRAPH\be-graphes\be-graphes-algos\src\main\resources
2020-06-24 17:02:00,839 [Worker-69: Building] INFO  o.e.m.c.i.embedder.EclipseLogger - Using 'UTF-8' encoding to copy filtered resources.
2020-06-24 17:02:00,839 [Worker-69: Building] INFO  o.e.m.c.i.embedder.EclipseLogger - skip non existing resourceDirectory C:\Users\Alexandre\Desktop\BE_GRAPH\BE_GRAPH\be-graphes\be-graphes-algos\src\test\resources
2020-06-24 17:02:13,053 [Worker-73: Building] INFO  o.e.m.c.i.embedder.EclipseLogger - Using 'UTF-8' encoding to copy filtered resources.
2020-06-24 17:02:13,054 [Worker-73: Building] INFO  o.e.m.c.i.embedder.EclipseLogger - skip non existing resourceDirectory C:\Users\Alexandre\Desktop\BE_GRAPH\BE_GRAPH\be-graphes\be-graphes-algos\src\main\resources
2020-06-24 17:02:13,054 [Worker-73: Building] INFO  o.e.m.c.i.embedder.EclipseLogger - Using 'UTF-8' encoding to copy filtered resources.
2020-06-24 17:02:13,055 [Worker-73: Building] INFO  o.e.m.c.i.embedder.EclipseLogger - skip non existing resourceDirectory C:\Users\Alexandre\Desktop\BE_GRAPH\BE_GRAPH\be-graphes\be-graphes-algos\src\test\resources
2020-06-24 17:02:59,976 [Worker-67: Building] INFO  o.e.m.c.i.embedder.EclipseLogger - Using 'UTF-8' encoding to copy filtered resources.
2020-06-24 17:02:59,976 [Worker-67: Building] INFO  o.e.m.c.i.embedder.EclipseLogger - skip non existing resourceDirectory C:\Users\Alexandre\Desktop\BE_GRAPH\BE_GRAPH\be-graphes\be-graphes-algos\src\main\resources
2020-06-24 17:02:59,977 [Worker-67: Building] INFO  o.e.m.c.i.embedder.EclipseLogger - Using 'UTF-8' encoding to copy filtered resources.
2020-06-24 17:02:59,977 [Worker-67: Building] INFO  o.e.m.c.i.embedder.EclipseLogger - skip non existing resourceDirectory C:\Users\Alexandre\Desktop\BE_GRAPH\BE_GRAPH\be-graphes\be-graphes-algos\src\test\resources
2020-06-24 17:03:06,151 [Worker-69: Launching PerformanceDijkstraAStar] INFO  o.e.m.c.i.p.WorkspaceClassifierResolverManager - Resolving P/be-graphes-model: org.insa.graphs:be-graphes-model:0.0.1-SNAPSHOT with classifier null to /be-graphes-model/target/classes
2020-06-24 17:03:21,368 [Worker-66: Building] INFO  o.e.m.c.i.embedder.EclipseLogger - Using 'UTF-8' encoding to copy filtered resources.
2020-06-24 17:03:21,368 [Worker-66: Building] INFO  o.e.m.c.i.embedder.EclipseLogger - skip non existing resourceDirectory C:\Users\Alexandre\Desktop\BE_GRAPH\BE_GRAPH\be-graphes\be-graphes-algos\src\main\resources
2020-06-24 17:03:21,369 [Worker-66: Building] INFO  o.e.m.c.i.embedder.EclipseLogger - Using 'UTF-8' encoding to copy filtered resources.
2020-06-24 17:03:21,369 [Worker-66: Building] INFO  o.e.m.c.i.embedder.EclipseLogger - skip non existing resourceDirectory C:\Users\Alexandre\Desktop\BE_GRAPH\BE_GRAPH\be-graphes\be-graphes-algos\src\test\resources
2020-06-24 17:03:22,774 [Worker-70: Building] INFO  o.e.m.c.i.embedder.EclipseLogger - Using 'UTF-8' encoding to copy filtered resources.
2020-06-24 17:03:22,774 [Worker-70: Building] INFO  o.e.m.c.i.embedder.EclipseLogger - skip non existing resourceDirectory C:\Users\Alexandre\Desktop\BE_GRAPH\BE_GRAPH\be-graphes\be-graphes-algos\src\main\resources
2020-06-24 17:03:22,775 [Worker-70: Building] INFO  o.e.m.c.i.embedder.EclipseLogger - Using 'UTF-8' encoding to copy filtered resources.
2020-06-24 17:03:22,775 [Worker-70: Building] INFO  o.e.m.c.i.embedder.EclipseLogger - skip non existing resourceDirectory C:\Users\Alexandre\Desktop\BE_GRAPH\BE_GRAPH\be-graphes\be-graphes-algos\src\test\resources
2020-06-24 17:04:54,574 [Worker-67: Building] INFO  o.e.m.c.i.embedder.EclipseLogger - Using 'UTF-8' encoding to copy filtered resources.
2020-06-24 17:04:54,574 [Worker-67: Building] INFO  o.e.m.c.i.embedder.EclipseLogger - skip non existing resourceDirectory C:\Users\Alexandre\Desktop\BE_GRAPH\BE_GRAPH\be-graphes\be-graphes-algos\src\main\resources
2020-06-24 17:04:54,575 [Worker-67: Building] INFO  o.e.m.c.i.embedder.EclipseLogger - Using 'UTF-8' encoding to copy filtered resources.
2020-06-24 17:04:54,575 [Worker-67: Building] INFO  o.e.m.c.i.embedder.EclipseLogger - skip non existing resourceDirectory C:\Users\Alexandre\Desktop\BE_GRAPH\BE_GRAPH\be-graphes\be-graphes-algos\src\test\resources
2020-06-24 17:05:05,717 [Worker-70: Building] INFO  o.e.m.c.i.embedder.EclipseLogger - Using 'UTF-8' encoding to copy filtered resources.
2020-06-24 17:05:05,717 [Worker-70: Building] INFO  o.e.m.c.i.embedder.EclipseLogger - skip non existing resourceDirectory C:\Users\Alexandre\Desktop\BE_GRAPH\BE_GRAPH\be-graphes\be-graphes-algos\src\main\resources
2020-06-24 17:05:05,718 [Worker-70: Building] INFO  o.e.m.c.i.embedder.EclipseLogger - Using 'UTF-8' encoding to copy filtered resources.
2020-06-24 17:05:05,718 [Worker-70: Building] INFO  o.e.m.c.i.embedder.EclipseLogger - skip non existing resourceDirectory C:\Users\Alexandre\Desktop\BE_GRAPH\BE_GRAPH\be-graphes\be-graphes-algos\src\test\resources
2020-06-24 17:05:22,271 [Worker-67: Launching PerformanceDijkstraAStar] INFO  o.e.m.c.i.p.WorkspaceClassifierResolverManager - Resolving P/be-graphes-model: org.insa.graphs:be-graphes-model:0.0.1-SNAPSHOT with classifier null to /be-graphes-model/target/classes
2020-06-24 17:06:23,284 [Worker-75: Building] INFO  o.e.m.c.i.embedder.EclipseLogger - Using 'UTF-8' encoding to copy filtered resources.
2020-06-24 17:06:23,285 [Worker-75: Building] INFO  o.e.m.c.i.embedder.EclipseLogger - skip non existing resourceDirectory C:\Users\Alexandre\Desktop\BE_GRAPH\BE_GRAPH\be-graphes\be-graphes-algos\src\main\resources
2020-06-24 17:06:23,286 [Worker-75: Building] INFO  o.e.m.c.i.embedder.EclipseLogger - Using 'UTF-8' encoding to copy filtered resources.
2020-06-24 17:06:23,286 [Worker-75: Building] INFO  o.e.m.c.i.embedder.EclipseLogger - skip non existing resourceDirectory C:\Users\Alexandre\Desktop\BE_GRAPH\BE_GRAPH\be-graphes\be-graphes-algos\src\test\resources
2020-06-24 17:06:31,254 [Worker-75: Building] INFO  o.e.m.c.i.embedder.EclipseLogger - Using 'UTF-8' encoding to copy filtered resources.
2020-06-24 17:06:31,255 [Worker-75: Building] INFO  o.e.m.c.i.embedder.EclipseLogger - skip non existing resourceDirectory C:\Users\Alexandre\Desktop\BE_GRAPH\BE_GRAPH\be-graphes\be-graphes-algos\src\main\resources
2020-06-24 17:06:31,255 [Worker-75: Building] INFO  o.e.m.c.i.embedder.EclipseLogger - Using 'UTF-8' encoding to copy filtered resources.
2020-06-24 17:06:31,255 [Worker-75: Building] INFO  o.e.m.c.i.embedder.EclipseLogger - skip non existing resourceDirectory C:\Users\Alexandre\Desktop\BE_GRAPH\BE_GRAPH\be-graphes\be-graphes-algos\src\test\resources
2020-06-24 17:06:39,960 [Worker-74: Building] INFO  o.e.m.c.i.embedder.EclipseLogger - Using 'UTF-8' encoding to copy filtered resources.
2020-06-24 17:06:39,960 [Worker-74: Building] INFO  o.e.m.c.i.embedder.EclipseLogger - skip non existing resourceDirectory C:\Users\Alexandre\Desktop\BE_GRAPH\BE_GRAPH\be-graphes\be-graphes-algos\src\main\resources
2020-06-24 17:06:39,962 [Worker-74: Building] INFO  o.e.m.c.i.embedder.EclipseLogger - Using 'UTF-8' encoding to copy filtered resources.
2020-06-24 17:06:39,962 [Worker-74: Building] INFO  o.e.m.c.i.embedder.EclipseLogger - skip non existing resourceDirectory C:\Users\Alexandre\Desktop\BE_GRAPH\BE_GRAPH\be-graphes\be-graphes-algos\src\test\resources
2020-06-24 17:06:48,839 [Worker-75: Launching PerformanceDijkstraAStar] INFO  o.e.m.c.i.p.WorkspaceClassifierResolverManager - Resolving P/be-graphes-model: org.insa.graphs:be-graphes-model:0.0.1-SNAPSHOT with classifier null to /be-graphes-model/target/classes
2020-06-24 17:08:42,466 [Worker-75: Building] INFO  o.e.m.c.i.embedder.EclipseLogger - Using 'UTF-8' encoding to copy filtered resources.
2020-06-24 17:08:42,466 [Worker-75: Building] INFO  o.e.m.c.i.embedder.EclipseLogger - skip non existing resourceDirectory C:\Users\Alexandre\Desktop\BE_GRAPH\BE_GRAPH\be-graphes\be-graphes-algos\src\main\resources
2020-06-24 17:08:42,467 [Worker-75: Building] INFO  o.e.m.c.i.embedder.EclipseLogger - Using 'UTF-8' encoding to copy filtered resources.
2020-06-24 17:08:42,467 [Worker-75: Building] INFO  o.e.m.c.i.embedder.EclipseLogger - skip non existing resourceDirectory C:\Users\Alexandre\Desktop\BE_GRAPH\BE_GRAPH\be-graphes\be-graphes-algos\src\test\resources
2020-06-24 17:08:52,130 [Worker-74: Building] INFO  o.e.m.c.i.embedder.EclipseLogger - Using 'UTF-8' encoding to copy filtered resources.
2020-06-24 17:08:52,130 [Worker-74: Building] INFO  o.e.m.c.i.embedder.EclipseLogger - skip non existing resourceDirectory C:\Users\Alexandre\Desktop\BE_GRAPH\BE_GRAPH\be-graphes\be-graphes-algos\src\main\resources
2020-06-24 17:08:52,131 [Worker-74: Building] INFO  o.e.m.c.i.embedder.EclipseLogger - Using 'UTF-8' encoding to copy filtered resources.
2020-06-24 17:08:52,131 [Worker-74: Building] INFO  o.e.m.c.i.embedder.EclipseLogger - skip non existing resourceDirectory C:\Users\Alexandre\Desktop\BE_GRAPH\BE_GRAPH\be-graphes\be-graphes-algos\src\test\resources
2020-06-24 17:09:15,379 [Worker-76: Launching New_configuration] INFO  o.e.m.c.i.p.WorkspaceClassifierResolverManager - Resolving P/be-graphes-model: org.insa.graphs:be-graphes-model:0.0.1-SNAPSHOT with classifier null to /be-graphes-model/target/classes
2020-06-24 17:09:15,379 [Worker-76: Launching New_configuration] INFO  o.e.m.c.i.p.WorkspaceClassifierResolverManager - Resolving P/be-graphes-algos: org.insa.graphs:be-graphes-algos:0.0.1-SNAPSHOT with classifier null to /be-graphes-algos/target/classes
2020-06-24 17:12:30,528 [Worker-79: Building] INFO  o.e.m.c.i.embedder.EclipseLogger - Using 'UTF-8' encoding to copy filtered resources.
2020-06-24 17:12:30,528 [Worker-79: Building] INFO  o.e.m.c.i.embedder.EclipseLogger - skip non existing resourceDirectory C:\Users\Alexandre\Desktop\BE_GRAPH\BE_GRAPH\be-graphes\be-graphes-algos\src\main\resources
2020-06-24 17:12:30,529 [Worker-79: Building] INFO  o.e.m.c.i.embedder.EclipseLogger - Using 'UTF-8' encoding to copy filtered resources.
2020-06-24 17:12:30,529 [Worker-79: Building] INFO  o.e.m.c.i.embedder.EclipseLogger - skip non existing resourceDirectory C:\Users\Alexandre\Desktop\BE_GRAPH\BE_GRAPH\be-graphes\be-graphes-algos\src\test\resources
2020-06-24 17:13:17,012 [Worker-78: Building] INFO  o.e.m.c.i.embedder.EclipseLogger - Using 'UTF-8' encoding to copy filtered resources.
2020-06-24 17:13:17,013 [Worker-78: Building] INFO  o.e.m.c.i.embedder.EclipseLogger - skip non existing resourceDirectory C:\Users\Alexandre\Desktop\BE_GRAPH\BE_GRAPH\be-graphes\be-graphes-algos\src\main\resources
2020-06-24 17:13:17,014 [Worker-78: Building] INFO  o.e.m.c.i.embedder.EclipseLogger - Using 'UTF-8' encoding to copy filtered resources.
2020-06-24 17:13:17,014 [Worker-78: Building] INFO  o.e.m.c.i.embedder.EclipseLogger - skip non existing resourceDirectory C:\Users\Alexandre\Desktop\BE_GRAPH\BE_GRAPH\be-graphes\be-graphes-algos\src\test\resources
2020-06-24 17:14:39,738 [Worker-79: Building] INFO  o.e.m.c.i.embedder.EclipseLogger - Using 'UTF-8' encoding to copy filtered resources.
2020-06-24 17:14:39,738 [Worker-79: Building] INFO  o.e.m.c.i.embedder.EclipseLogger - skip non existing resourceDirectory C:\Users\Alexandre\Desktop\BE_GRAPH\BE_GRAPH\be-graphes\be-graphes-algos\src\main\resources
2020-06-24 17:14:39,739 [Worker-79: Building] INFO  o.e.m.c.i.embedder.EclipseLogger - Using 'UTF-8' encoding to copy filtered resources.
2020-06-24 17:14:39,739 [Worker-79: Building] INFO  o.e.m.c.i.embedder.EclipseLogger - skip non existing resourceDirectory C:\Users\Alexandre\Desktop\BE_GRAPH\BE_GRAPH\be-graphes\be-graphes-algos\src\test\resources
2020-06-24 17:14:46,878 [Worker-79: Launching PerformanceDijkstraAStar] INFO  o.e.m.c.i.p.WorkspaceClassifierResolverManager - Resolving P/be-graphes-model: org.insa.graphs:be-graphes-model:0.0.1-SNAPSHOT with classifier null to /be-graphes-model/target/classes
2020-06-24 17:15:16,980 [Worker-81: Building] INFO  o.e.m.c.i.embedder.EclipseLogger - Using 'UTF-8' encoding to copy filtered resources.
2020-06-24 17:15:16,981 [Worker-81: Building] INFO  o.e.m.c.i.embedder.EclipseLogger - skip non existing resourceDirectory C:\Users\Alexandre\Desktop\BE_GRAPH\BE_GRAPH\be-graphes\be-graphes-algos\src\main\resources
2020-06-24 17:15:16,982 [Worker-81: Building] INFO  o.e.m.c.i.embedder.EclipseLogger - Using 'UTF-8' encoding to copy filtered resources.
2020-06-24 17:15:16,982 [Worker-81: Building] INFO  o.e.m.c.i.embedder.EclipseLogger - skip non existing resourceDirectory C:\Users\Alexandre\Desktop\BE_GRAPH\BE_GRAPH\be-graphes\be-graphes-algos\src\test\resources
2020-06-24 17:15:37,157 [Worker-74: Building] INFO  o.e.m.c.i.embedder.EclipseLogger - Using 'UTF-8' encoding to copy filtered resources.
2020-06-24 17:15:37,157 [Worker-74: Building] INFO  o.e.m.c.i.embedder.EclipseLogger - skip non existing resourceDirectory C:\Users\Alexandre\Desktop\BE_GRAPH\BE_GRAPH\be-graphes\be-graphes-algos\src\main\resources
2020-06-24 17:15:37,158 [Worker-74: Building] INFO  o.e.m.c.i.embedder.EclipseLogger - Using 'UTF-8' encoding to copy filtered resources.
2020-06-24 17:15:37,158 [Worker-74: Building] INFO  o.e.m.c.i.embedder.EclipseLogger - skip non existing resourceDirectory C:\Users\Alexandre\Desktop\BE_GRAPH\BE_GRAPH\be-graphes\be-graphes-algos\src\test\resources
2020-06-24 17:15:58,886 [Worker-82: Building] INFO  o.e.m.c.i.embedder.EclipseLogger - Using 'UTF-8' encoding to copy filtered resources.
2020-06-24 17:15:58,887 [Worker-82: Building] INFO  o.e.m.c.i.embedder.EclipseLogger - skip non existing resourceDirectory C:\Users\Alexandre\Desktop\BE_GRAPH\BE_GRAPH\be-graphes\be-graphes-algos\src\main\resources
2020-06-24 17:15:58,888 [Worker-82: Building] INFO  o.e.m.c.i.embedder.EclipseLogger - Using 'UTF-8' encoding to copy filtered resources.
2020-06-24 17:15:58,889 [Worker-82: Building] INFO  o.e.m.c.i.embedder.EclipseLogger - skip non existing resourceDirectory C:\Users\Alexandre\Desktop\BE_GRAPH\BE_GRAPH\be-graphes\be-graphes-algos\src\test\resources
2020-06-24 17:16:05,154 [Worker-79: Building] INFO  o.e.m.c.i.embedder.EclipseLogger - Using 'UTF-8' encoding to copy filtered resources.
2020-06-24 17:16:05,154 [Worker-79: Building] INFO  o.e.m.c.i.embedder.EclipseLogger - skip non existing resourceDirectory C:\Users\Alexandre\Desktop\BE_GRAPH\BE_GRAPH\be-graphes\be-graphes-algos\src\main\resources
2020-06-24 17:16:05,155 [Worker-79: Building] INFO  o.e.m.c.i.embedder.EclipseLogger - Using 'UTF-8' encoding to copy filtered resources.
2020-06-24 17:16:05,155 [Worker-79: Building] INFO  o.e.m.c.i.embedder.EclipseLogger - skip non existing resourceDirectory C:\Users\Alexandre\Desktop\BE_GRAPH\BE_GRAPH\be-graphes\be-graphes-algos\src\test\resources
2020-06-24 17:16:13,416 [Worker-82: Building] INFO  o.e.m.c.i.embedder.EclipseLogger - Using 'UTF-8' encoding to copy filtered resources.
2020-06-24 17:16:13,417 [Worker-82: Building] INFO  o.e.m.c.i.embedder.EclipseLogger - skip non existing resourceDirectory C:\Users\Alexandre\Desktop\BE_GRAPH\BE_GRAPH\be-graphes\be-graphes-algos\src\main\resources
2020-06-24 17:16:13,417 [Worker-82: Building] INFO  o.e.m.c.i.embedder.EclipseLogger - Using 'UTF-8' encoding to copy filtered resources.
2020-06-24 17:16:13,417 [Worker-82: Building] INFO  o.e.m.c.i.embedder.EclipseLogger - skip non existing resourceDirectory C:\Users\Alexandre\Desktop\BE_GRAPH\BE_GRAPH\be-graphes\be-graphes-algos\src\test\resources
2020-06-24 17:16:34,672 [Worker-79: Launching PerformanceDijkstraAStar] INFO  o.e.m.c.i.embedder.EclipseLogger - Using 'UTF-8' encoding to copy filtered resources.
2020-06-24 17:16:34,672 [Worker-79: Launching PerformanceDijkstraAStar] INFO  o.e.m.c.i.embedder.EclipseLogger - skip non existing resourceDirectory C:\Users\Alexandre\Desktop\BE_GRAPH\BE_GRAPH\be-graphes\be-graphes-algos\src\main\resources
2020-06-24 17:16:34,673 [Worker-79: Launching PerformanceDijkstraAStar] INFO  o.e.m.c.i.embedder.EclipseLogger - Using 'UTF-8' encoding to copy filtered resources.
2020-06-24 17:16:34,673 [Worker-79: Launching PerformanceDijkstraAStar] INFO  o.e.m.c.i.embedder.EclipseLogger - skip non existing resourceDirectory C:\Users\Alexandre\Desktop\BE_GRAPH\BE_GRAPH\be-graphes\be-graphes-algos\src\test\resources
2020-06-24 17:16:34,689 [Worker-79: Launching PerformanceDijkstraAStar] INFO  o.e.m.c.i.p.WorkspaceClassifierResolverManager - Resolving P/be-graphes-model: org.insa.graphs:be-graphes-model:0.0.1-SNAPSHOT with classifier null to /be-graphes-model/target/classes
2020-06-24 17:17:25,032 [Worker-84: Building] INFO  o.e.m.c.i.embedder.EclipseLogger - Using 'UTF-8' encoding to copy filtered resources.
2020-06-24 17:17:25,032 [Worker-84: Building] INFO  o.e.m.c.i.embedder.EclipseLogger - skip non existing resourceDirectory C:\Users\Alexandre\Desktop\BE_GRAPH\BE_GRAPH\be-graphes\be-graphes-algos\src\main\resources
2020-06-24 17:17:25,033 [Worker-84: Building] INFO  o.e.m.c.i.embedder.EclipseLogger - Using 'UTF-8' encoding to copy filtered resources.
2020-06-24 17:17:25,033 [Worker-84: Building] INFO  o.e.m.c.i.embedder.EclipseLogger - skip non existing resourceDirectory C:\Users\Alexandre\Desktop\BE_GRAPH\BE_GRAPH\be-graphes\be-graphes-algos\src\test\resources
2020-06-24 17:17:58,636 [Worker-80: Launching PerformanceDijkstraAStar] INFO  o.e.m.c.i.p.WorkspaceClassifierResolverManager - Resolving P/be-graphes-model: org.insa.graphs:be-graphes-model:0.0.1-SNAPSHOT with classifier null to /be-graphes-model/target/classes
2020-06-24 17:18:08,213 [Worker-74: Launching PerformanceDijkstraAStar] INFO  o.e.m.c.i.p.WorkspaceClassifierResolverManager - Resolving P/be-graphes-model: org.insa.graphs:be-graphes-model:0.0.1-SNAPSHOT with classifier null to /be-graphes-model/target/classes
2020-06-24 17:18:18,154 [Worker-85: Launching PerformanceDijkstraAStar] INFO  o.e.m.c.i.p.WorkspaceClassifierResolverManager - Resolving P/be-graphes-model: org.insa.graphs:be-graphes-model:0.0.1-SNAPSHOT with classifier null to /be-graphes-model/target/classes
2020-06-24 17:18:36,108 [Worker-85: Building] INFO  o.e.m.c.i.embedder.EclipseLogger - Using 'UTF-8' encoding to copy filtered resources.
2020-06-24 17:18:36,108 [Worker-85: Building] INFO  o.e.m.c.i.embedder.EclipseLogger - skip non existing resourceDirectory C:\Users\Alexandre\Desktop\BE_GRAPH\BE_GRAPH\be-graphes\be-graphes-algos\src\main\resources
2020-06-24 17:18:36,109 [Worker-85: Building] INFO  o.e.m.c.i.embedder.EclipseLogger - Using 'UTF-8' encoding to copy filtered resources.
2020-06-24 17:18:36,109 [Worker-85: Building] INFO  o.e.m.c.i.embedder.EclipseLogger - skip non existing resourceDirectory C:\Users\Alexandre\Desktop\BE_GRAPH\BE_GRAPH\be-graphes\be-graphes-algos\src\test\resources
2020-06-24 17:18:37,264 [Worker-79: Launching PerformanceDijkstraAStar] INFO  o.e.m.c.i.p.WorkspaceClassifierResolverManager - Resolving P/be-graphes-model: org.insa.graphs:be-graphes-model:0.0.1-SNAPSHOT with classifier null to /be-graphes-model/target/classes
2020-06-24 17:19:01,012 [Worker-85: Building] INFO  o.e.m.c.i.embedder.EclipseLogger - Using 'UTF-8' encoding to copy filtered resources.
2020-06-24 17:19:01,012 [Worker-85: Building] INFO  o.e.m.c.i.embedder.EclipseLogger - skip non existing resourceDirectory C:\Users\Alexandre\Desktop\BE_GRAPH\BE_GRAPH\be-graphes\be-graphes-algos\src\main\resources
2020-06-24 17:19:01,012 [Worker-85: Building] INFO  o.e.m.c.i.embedder.EclipseLogger - Using 'UTF-8' encoding to copy filtered resources.
2020-06-24 17:19:01,013 [Worker-85: Building] INFO  o.e.m.c.i.embedder.EclipseLogger - skip non existing resourceDirectory C:\Users\Alexandre\Desktop\BE_GRAPH\BE_GRAPH\be-graphes\be-graphes-algos\src\test\resources
2020-06-24 17:19:01,871 [Worker-80: Launching PerformanceDijkstraAStar] INFO  o.e.m.c.i.p.WorkspaceClassifierResolverManager - Resolving P/be-graphes-model: org.insa.graphs:be-graphes-model:0.0.1-SNAPSHOT with classifier null to /be-graphes-model/target/classes
2020-06-24 17:27:44,134 [Worker-86: Building] INFO  o.e.m.c.i.embedder.EclipseLogger - Using 'UTF-8' encoding to copy filtered resources.
2020-06-24 17:27:44,135 [Worker-86: Building] INFO  o.e.m.c.i.embedder.EclipseLogger - skip non existing resourceDirectory C:\Users\Alexandre\Desktop\BE_GRAPH\BE_GRAPH\be-graphes\be-graphes-algos\src\main\resources
2020-06-24 17:27:44,136 [Worker-86: Building] INFO  o.e.m.c.i.embedder.EclipseLogger - Using 'UTF-8' encoding to copy filtered resources.
2020-06-24 17:27:44,136 [Worker-86: Building] INFO  o.e.m.c.i.embedder.EclipseLogger - skip non existing resourceDirectory C:\Users\Alexandre\Desktop\BE_GRAPH\BE_GRAPH\be-graphes\be-graphes-algos\src\test\resources
2020-06-24 17:28:01,218 [Worker-88: Building] INFO  o.e.m.c.i.embedder.EclipseLogger - Using 'UTF-8' encoding to copy filtered resources.
2020-06-24 17:28:01,218 [Worker-88: Building] INFO  o.e.m.c.i.embedder.EclipseLogger - skip non existing resourceDirectory C:\Users\Alexandre\Desktop\BE_GRAPH\BE_GRAPH\be-graphes\be-graphes-algos\src\main\resources
2020-06-24 17:28:01,219 [Worker-88: Building] INFO  o.e.m.c.i.embedder.EclipseLogger - Using 'UTF-8' encoding to copy filtered resources.
2020-06-24 17:28:01,220 [Worker-88: Building] INFO  o.e.m.c.i.embedder.EclipseLogger - skip non existing resourceDirectory C:\Users\Alexandre\Desktop\BE_GRAPH\BE_GRAPH\be-graphes\be-graphes-algos\src\test\resources
2020-06-24 17:28:35,396 [Worker-86: Building] INFO  o.e.m.c.i.embedder.EclipseLogger - Using 'UTF-8' encoding to copy filtered resources.
2020-06-24 17:28:35,397 [Worker-86: Building] INFO  o.e.m.c.i.embedder.EclipseLogger - skip non existing resourceDirectory C:\Users\Alexandre\Desktop\BE_GRAPH\BE_GRAPH\be-graphes\be-graphes-algos\src\main\resources
2020-06-24 17:28:35,398 [Worker-86: Building] INFO  o.e.m.c.i.embedder.EclipseLogger - Using 'UTF-8' encoding to copy filtered resources.
2020-06-24 17:28:35,399 [Worker-86: Building] INFO  o.e.m.c.i.embedder.EclipseLogger - skip non existing resourceDirectory C:\Users\Alexandre\Desktop\BE_GRAPH\BE_GRAPH\be-graphes\be-graphes-algos\src\test\resources
2020-06-24 17:28:50,959 [Worker-78: Building] INFO  o.e.m.c.i.embedder.EclipseLogger - Using 'UTF-8' encoding to copy filtered resources.
2020-06-24 17:28:50,959 [Worker-78: Building] INFO  o.e.m.c.i.embedder.EclipseLogger - skip non existing resourceDirectory C:\Users\Alexandre\Desktop\BE_GRAPH\BE_GRAPH\be-graphes\be-graphes-algos\src\main\resources
2020-06-24 17:28:50,960 [Worker-78: Building] INFO  o.e.m.c.i.embedder.EclipseLogger - Using 'UTF-8' encoding to copy filtered resources.
2020-06-24 17:28:50,960 [Worker-78: Building] INFO  o.e.m.c.i.embedder.EclipseLogger - skip non existing resourceDirectory C:\Users\Alexandre\Desktop\BE_GRAPH\BE_GRAPH\be-graphes\be-graphes-algos\src\test\resources
2020-06-24 17:28:53,283 [Worker-90: Building] INFO  o.e.m.c.i.embedder.EclipseLogger - Using 'UTF-8' encoding to copy filtered resources.
2020-06-24 17:28:53,283 [Worker-90: Building] INFO  o.e.m.c.i.embedder.EclipseLogger - skip non existing resourceDirectory C:\Users\Alexandre\Desktop\BE_GRAPH\BE_GRAPH\be-graphes\be-graphes-algos\src\main\resources
2020-06-24 17:28:53,285 [Worker-90: Building] INFO  o.e.m.c.i.embedder.EclipseLogger - Using 'UTF-8' encoding to copy filtered resources.
2020-06-24 17:28:53,285 [Worker-90: Building] INFO  o.e.m.c.i.embedder.EclipseLogger - skip non existing resourceDirectory C:\Users\Alexandre\Desktop\BE_GRAPH\BE_GRAPH\be-graphes\be-graphes-algos\src\test\resources
2020-06-24 17:29:02,096 [Worker-90: Building] INFO  o.e.m.c.i.embedder.EclipseLogger - Using 'UTF-8' encoding to copy filtered resources.
2020-06-24 17:29:02,096 [Worker-90: Building] INFO  o.e.m.c.i.embedder.EclipseLogger - skip non existing resourceDirectory C:\Users\Alexandre\Desktop\BE_GRAPH\BE_GRAPH\be-graphes\be-graphes-algos\src\main\resources
2020-06-24 17:29:02,097 [Worker-90: Building] INFO  o.e.m.c.i.embedder.EclipseLogger - Using 'UTF-8' encoding to copy filtered resources.
2020-06-24 17:29:02,097 [Worker-90: Building] INFO  o.e.m.c.i.embedder.EclipseLogger - skip non existing resourceDirectory C:\Users\Alexandre\Desktop\BE_GRAPH\BE_GRAPH\be-graphes\be-graphes-algos\src\test\resources
2020-06-24 17:29:03,456 [Worker-90: Building] INFO  o.e.m.c.i.embedder.EclipseLogger - Using 'UTF-8' encoding to copy filtered resources.
2020-06-24 17:29:03,457 [Worker-90: Building] INFO  o.e.m.c.i.embedder.EclipseLogger - skip non existing resourceDirectory C:\Users\Alexandre\Desktop\BE_GRAPH\BE_GRAPH\be-graphes\be-graphes-algos\src\main\resources
2020-06-24 17:29:03,457 [Worker-90: Building] INFO  o.e.m.c.i.embedder.EclipseLogger - Using 'UTF-8' encoding to copy filtered resources.
2020-06-24 17:29:03,457 [Worker-90: Building] INFO  o.e.m.c.i.embedder.EclipseLogger - skip non existing resourceDirectory C:\Users\Alexandre\Desktop\BE_GRAPH\BE_GRAPH\be-graphes\be-graphes-algos\src\test\resources
2020-06-24 17:29:44,595 [Worker-88: Building] INFO  o.e.m.c.i.embedder.EclipseLogger - Using 'UTF-8' encoding to copy filtered resources.
2020-06-24 17:29:44,595 [Worker-88: Building] INFO  o.e.m.c.i.embedder.EclipseLogger - skip non existing resourceDirectory C:\Users\Alexandre\Desktop\BE_GRAPH\BE_GRAPH\be-graphes\be-graphes-algos\src\main\resources
2020-06-24 17:29:44,596 [Worker-88: Building] INFO  o.e.m.c.i.embedder.EclipseLogger - Using 'UTF-8' encoding to copy filtered resources.
2020-06-24 17:29:44,596 [Worker-88: Building] INFO  o.e.m.c.i.embedder.EclipseLogger - skip non existing resourceDirectory C:\Users\Alexandre\Desktop\BE_GRAPH\BE_GRAPH\be-graphes\be-graphes-algos\src\test\resources
2020-06-24 17:30:48,816 [Worker-89: Building] INFO  o.e.m.c.i.embedder.EclipseLogger - Using 'UTF-8' encoding to copy filtered resources.
2020-06-24 17:30:48,817 [Worker-89: Building] INFO  o.e.m.c.i.embedder.EclipseLogger - skip non existing resourceDirectory C:\Users\Alexandre\Desktop\BE_GRAPH\BE_GRAPH\be-graphes\be-graphes-algos\src\main\resources
2020-06-24 17:30:48,818 [Worker-89: Building] INFO  o.e.m.c.i.embedder.EclipseLogger - Using 'UTF-8' encoding to copy filtered resources.
2020-06-24 17:30:48,819 [Worker-89: Building] INFO  o.e.m.c.i.embedder.EclipseLogger - skip non existing resourceDirectory C:\Users\Alexandre\Desktop\BE_GRAPH\BE_GRAPH\be-graphes\be-graphes-algos\src\test\resources
2020-06-24 17:31:07,810 [Worker-78: Launching PerformanceDijkstraAStar] INFO  o.e.m.c.i.p.WorkspaceClassifierResolverManager - Resolving P/be-graphes-model: org.insa.graphs:be-graphes-model:0.0.1-SNAPSHOT with classifier null to /be-graphes-model/target/classes
2020-06-24 17:33:44,599 [Worker-78: Building] INFO  o.e.m.c.i.embedder.EclipseLogger - Using 'UTF-8' encoding to copy filtered resources.
2020-06-24 17:33:44,600 [Worker-78: Building] INFO  o.e.m.c.i.embedder.EclipseLogger - skip non existing resourceDirectory C:\Users\Alexandre\Desktop\BE_GRAPH\BE_GRAPH\be-graphes\be-graphes-algos\src\main\resources
2020-06-24 17:33:44,601 [Worker-78: Building] INFO  o.e.m.c.i.embedder.EclipseLogger - Using 'UTF-8' encoding to copy filtered resources.
2020-06-24 17:33:44,601 [Worker-78: Building] INFO  o.e.m.c.i.embedder.EclipseLogger - skip non existing resourceDirectory C:\Users\Alexandre\Desktop\BE_GRAPH\BE_GRAPH\be-graphes\be-graphes-algos\src\test\resources
2020-06-24 17:34:02,054 [Worker-78: Building] INFO  o.e.m.c.i.embedder.EclipseLogger - Using 'UTF-8' encoding to copy filtered resources.
2020-06-24 17:34:02,055 [Worker-78: Building] INFO  o.e.m.c.i.embedder.EclipseLogger - skip non existing resourceDirectory C:\Users\Alexandre\Desktop\BE_GRAPH\BE_GRAPH\be-graphes\be-graphes-algos\src\main\resources
2020-06-24 17:34:02,055 [Worker-78: Building] INFO  o.e.m.c.i.embedder.EclipseLogger - Using 'UTF-8' encoding to copy filtered resources.
2020-06-24 17:34:02,055 [Worker-78: Building] INFO  o.e.m.c.i.embedder.EclipseLogger - skip non existing resourceDirectory C:\Users\Alexandre\Desktop\BE_GRAPH\BE_GRAPH\be-graphes\be-graphes-algos\src\test\resources
2020-06-24 17:34:04,722 [Worker-88: Launching PerformanceDijkstraAStar] INFO  o.e.m.c.i.p.WorkspaceClassifierResolverManager - Resolving P/be-graphes-model: org.insa.graphs:be-graphes-model:0.0.1-SNAPSHOT with classifier null to /be-graphes-model/target/classes
2020-06-24 17:34:27,600 [Worker-93: Building] INFO  o.e.m.c.i.embedder.EclipseLogger - Using 'UTF-8' encoding to copy filtered resources.
2020-06-24 17:34:27,601 [Worker-93: Building] INFO  o.e.m.c.i.embedder.EclipseLogger - skip non existing resourceDirectory C:\Users\Alexandre\Desktop\BE_GRAPH\BE_GRAPH\be-graphes\be-graphes-algos\src\main\resources
2020-06-24 17:34:27,601 [Worker-93: Building] INFO  o.e.m.c.i.embedder.EclipseLogger - Using 'UTF-8' encoding to copy filtered resources.
2020-06-24 17:34:27,601 [Worker-93: Building] INFO  o.e.m.c.i.embedder.EclipseLogger - skip non existing resourceDirectory C:\Users\Alexandre\Desktop\BE_GRAPH\BE_GRAPH\be-graphes\be-graphes-algos\src\test\resources
2020-06-24 17:34:31,726 [Worker-93: Building] INFO  o.e.m.c.i.embedder.EclipseLogger - Using 'UTF-8' encoding to copy filtered resources.
2020-06-24 17:34:31,726 [Worker-93: Building] INFO  o.e.m.c.i.embedder.EclipseLogger - skip non existing resourceDirectory C:\Users\Alexandre\Desktop\BE_GRAPH\BE_GRAPH\be-graphes\be-graphes-algos\src\main\resources
2020-06-24 17:34:31,727 [Worker-93: Building] INFO  o.e.m.c.i.embedder.EclipseLogger - Using 'UTF-8' encoding to copy filtered resources.
2020-06-24 17:34:31,727 [Worker-93: Building] INFO  o.e.m.c.i.embedder.EclipseLogger - skip non existing resourceDirectory C:\Users\Alexandre\Desktop\BE_GRAPH\BE_GRAPH\be-graphes\be-graphes-algos\src\test\resources
2020-06-24 17:34:33,232 [Worker-91: Launching PerformanceDijkstraAStar] INFO  o.e.m.c.i.p.WorkspaceClassifierResolverManager - Resolving P/be-graphes-model: org.insa.graphs:be-graphes-model:0.0.1-SNAPSHOT with classifier null to /be-graphes-model/target/classes
2020-06-24 17:37:20,083 [Worker-94: Launching PerformanceDijkstraAStar] INFO  o.e.m.c.i.p.WorkspaceClassifierResolverManager - Resolving P/be-graphes-model: org.insa.graphs:be-graphes-model:0.0.1-SNAPSHOT with classifier null to /be-graphes-model/target/classes
2020-06-24 17:38:07,699 [Worker-92: Building] INFO  o.e.m.c.i.embedder.EclipseLogger - Using 'UTF-8' encoding to copy filtered resources.
2020-06-24 17:38:07,699 [Worker-92: Building] INFO  o.e.m.c.i.embedder.EclipseLogger - skip non existing resourceDirectory C:\Users\Alexandre\Desktop\BE_GRAPH\BE_GRAPH\be-graphes\be-graphes-algos\src\main\resources
2020-06-24 17:38:07,700 [Worker-92: Building] INFO  o.e.m.c.i.embedder.EclipseLogger - Using 'UTF-8' encoding to copy filtered resources.
2020-06-24 17:38:07,700 [Worker-92: Building] INFO  o.e.m.c.i.embedder.EclipseLogger - skip non existing resourceDirectory C:\Users\Alexandre\Desktop\BE_GRAPH\BE_GRAPH\be-graphes\be-graphes-algos\src\test\resources
2020-06-24 17:38:11,083 [Worker-94: Launching PerformanceDijkstraAStar] INFO  o.e.m.c.i.p.WorkspaceClassifierResolverManager - Resolving P/be-graphes-model: org.insa.graphs:be-graphes-model:0.0.1-SNAPSHOT with classifier null to /be-graphes-model/target/classes
2020-06-24 17:39:07,796 [Worker-78: Launching New_configuration] INFO  o.e.m.c.i.p.WorkspaceClassifierResolverManager - Resolving P/be-graphes-model: org.insa.graphs:be-graphes-model:0.0.1-SNAPSHOT with classifier null to /be-graphes-model/target/classes
2020-06-24 17:39:07,796 [Worker-78: Launching New_configuration] INFO  o.e.m.c.i.p.WorkspaceClassifierResolverManager - Resolving P/be-graphes-algos: org.insa.graphs:be-graphes-algos:0.0.1-SNAPSHOT with classifier null to /be-graphes-algos/target/classes
2020-06-24 17:42:17,065 [Worker-43: Building] INFO  o.e.m.c.i.embedder.EclipseLogger - Using 'UTF-8' encoding to copy filtered resources.
2020-06-24 17:42:17,066 [Worker-43: Building] INFO  o.e.m.c.i.embedder.EclipseLogger - skip non existing resourceDirectory C:\Users\Alexandre\Desktop\BE_GRAPH\BE_GRAPH\be-graphes\be-graphes-algos\src\main\resources
2020-06-24 17:42:17,066 [Worker-43: Building] INFO  o.e.m.c.i.embedder.EclipseLogger - Using 'UTF-8' encoding to copy filtered resources.
2020-06-24 17:42:17,066 [Worker-43: Building] INFO  o.e.m.c.i.embedder.EclipseLogger - skip non existing resourceDirectory C:\Users\Alexandre\Desktop\BE_GRAPH\BE_GRAPH\be-graphes\be-graphes-algos\src\test\resources
2020-06-24 17:44:11,609 [Worker-98: Building] INFO  o.e.m.c.i.embedder.EclipseLogger - Using 'UTF-8' encoding to copy filtered resources.
2020-06-24 17:44:11,609 [Worker-98: Building] INFO  o.e.m.c.i.embedder.EclipseLogger - skip non existing resourceDirectory C:\Users\Alexandre\Desktop\BE_GRAPH\BE_GRAPH\be-graphes\be-graphes-algos\src\main\resources
2020-06-24 17:44:11,610 [Worker-98: Building] INFO  o.e.m.c.i.embedder.EclipseLogger - Using 'UTF-8' encoding to copy filtered resources.
2020-06-24 17:44:11,610 [Worker-98: Building] INFO  o.e.m.c.i.embedder.EclipseLogger - skip non existing resourceDirectory C:\Users\Alexandre\Desktop\BE_GRAPH\BE_GRAPH\be-graphes\be-graphes-algos\src\test\resources
2020-06-24 17:44:14,591 [Worker-78: Launching PerformanceDijkstraAStar] INFO  o.e.m.c.i.p.WorkspaceClassifierResolverManager - Resolving P/be-graphes-model: org.insa.graphs:be-graphes-model:0.0.1-SNAPSHOT with classifier null to /be-graphes-model/target/classes
2020-06-24 17:44:21,072 [Worker-78: Launching PerformanceDijkstraAStar] INFO  o.e.m.c.i.p.WorkspaceClassifierResolverManager - Resolving P/be-graphes-model: org.insa.graphs:be-graphes-model:0.0.1-SNAPSHOT with classifier null to /be-graphes-model/target/classes
2020-06-24 17:44:31,446 [Worker-93: Building] INFO  o.e.m.c.i.embedder.EclipseLogger - Using 'UTF-8' encoding to copy filtered resources.
2020-06-24 17:44:31,446 [Worker-93: Building] INFO  o.e.m.c.i.embedder.EclipseLogger - skip non existing resourceDirectory C:\Users\Alexandre\Desktop\BE_GRAPH\BE_GRAPH\be-graphes\be-graphes-algos\src\main\resources
2020-06-24 17:44:31,447 [Worker-93: Building] INFO  o.e.m.c.i.embedder.EclipseLogger - Using 'UTF-8' encoding to copy filtered resources.
2020-06-24 17:44:31,447 [Worker-93: Building] INFO  o.e.m.c.i.embedder.EclipseLogger - skip non existing resourceDirectory C:\Users\Alexandre\Desktop\BE_GRAPH\BE_GRAPH\be-graphes\be-graphes-algos\src\test\resources
2020-06-24 17:44:32,369 [Worker-102: Launching PerformanceDijkstraAStar] INFO  o.e.m.c.i.p.WorkspaceClassifierResolverManager - Resolving P/be-graphes-model: org.insa.graphs:be-graphes-model:0.0.1-SNAPSHOT with classifier null to /be-graphes-model/target/classes
2020-06-24 17:48:33,824 [Worker-93: Building] INFO  o.e.m.c.i.embedder.EclipseLogger - Using 'UTF-8' encoding to copy filtered resources.
2020-06-24 17:48:33,825 [Worker-93: Building] INFO  o.e.m.c.i.embedder.EclipseLogger - skip non existing resourceDirectory C:\Users\Alexandre\Desktop\BE_GRAPH\BE_GRAPH\be-graphes\be-graphes-algos\src\main\resources
2020-06-24 17:48:33,826 [Worker-93: Building] INFO  o.e.m.c.i.embedder.EclipseLogger - Using 'UTF-8' encoding to copy filtered resources.
2020-06-24 17:48:33,826 [Worker-93: Building] INFO  o.e.m.c.i.embedder.EclipseLogger - skip non existing resourceDirectory C:\Users\Alexandre\Desktop\BE_GRAPH\BE_GRAPH\be-graphes\be-graphes-algos\src\test\resources
2020-06-24 17:56:54,897 [Worker-106: Building] INFO  o.e.m.c.i.embedder.EclipseLogger - Using 'UTF-8' encoding to copy filtered resources.
2020-06-24 17:56:54,897 [Worker-106: Building] INFO  o.e.m.c.i.embedder.EclipseLogger - skip non existing resourceDirectory C:\Users\Alexandre\Desktop\BE_GRAPH\BE_GRAPH\be-graphes\be-graphes-algos\src\main\resources
2020-06-24 17:56:54,898 [Worker-106: Building] INFO  o.e.m.c.i.embedder.EclipseLogger - Using 'UTF-8' encoding to copy filtered resources.
2020-06-24 17:56:54,898 [Worker-106: Building] INFO  o.e.m.c.i.embedder.EclipseLogger - skip non existing resourceDirectory C:\Users\Alexandre\Desktop\BE_GRAPH\BE_GRAPH\be-graphes\be-graphes-algos\src\test\resources
2020-06-24 17:57:54,615 [Worker-78: Building] INFO  o.e.m.c.i.embedder.EclipseLogger - Using 'UTF-8' encoding to copy filtered resources.
2020-06-24 17:57:54,616 [Worker-78: Building] INFO  o.e.m.c.i.embedder.EclipseLogger - skip non existing resourceDirectory C:\Users\Alexandre\Desktop\BE_GRAPH\BE_GRAPH\be-graphes\be-graphes-algos\src\main\resources
2020-06-24 17:57:54,617 [Worker-78: Building] INFO  o.e.m.c.i.embedder.EclipseLogger - Using 'UTF-8' encoding to copy filtered resources.
2020-06-24 17:57:54,617 [Worker-78: Building] INFO  o.e.m.c.i.embedder.EclipseLogger - skip non existing resourceDirectory C:\Users\Alexandre\Desktop\BE_GRAPH\BE_GRAPH\be-graphes\be-graphes-algos\src\test\resources
2020-06-24 17:59:55,734 [Worker-106: Building] INFO  o.e.m.c.i.embedder.EclipseLogger - Using 'UTF-8' encoding to copy filtered resources.
2020-06-24 17:59:55,734 [Worker-106: Building] INFO  o.e.m.c.i.embedder.EclipseLogger - skip non existing resourceDirectory C:\Users\Alexandre\Desktop\BE_GRAPH\BE_GRAPH\be-graphes\be-graphes-algos\src\main\resources
2020-06-24 17:59:55,735 [Worker-106: Building] INFO  o.e.m.c.i.embedder.EclipseLogger - Using 'UTF-8' encoding to copy filtered resources.
2020-06-24 17:59:55,735 [Worker-106: Building] INFO  o.e.m.c.i.embedder.EclipseLogger - skip non existing resourceDirectory C:\Users\Alexandre\Desktop\BE_GRAPH\BE_GRAPH\be-graphes\be-graphes-algos\src\test\resources
2020-06-24 18:00:52,432 [Worker-78: Building] INFO  o.e.m.c.i.embedder.EclipseLogger - Using 'UTF-8' encoding to copy filtered resources.
2020-06-24 18:00:52,433 [Worker-78: Building] INFO  o.e.m.c.i.embedder.EclipseLogger - skip non existing resourceDirectory C:\Users\Alexandre\Desktop\BE_GRAPH\BE_GRAPH\be-graphes\be-graphes-algos\src\main\resources
2020-06-24 18:00:52,433 [Worker-78: Building] INFO  o.e.m.c.i.embedder.EclipseLogger - Using 'UTF-8' encoding to copy filtered resources.
2020-06-24 18:00:52,433 [Worker-78: Building] INFO  o.e.m.c.i.embedder.EclipseLogger - skip non existing resourceDirectory C:\Users\Alexandre\Desktop\BE_GRAPH\BE_GRAPH\be-graphes\be-graphes-algos\src\test\resources
2020-06-24 18:00:58,250 [Worker-43: Building] INFO  o.e.m.c.i.embedder.EclipseLogger - Using 'UTF-8' encoding to copy filtered resources.
2020-06-24 18:00:58,250 [Worker-43: Building] INFO  o.e.m.c.i.embedder.EclipseLogger - skip non existing resourceDirectory C:\Users\Alexandre\Desktop\BE_GRAPH\BE_GRAPH\be-graphes\be-graphes-algos\src\main\resources
2020-06-24 18:00:58,251 [Worker-43: Building] INFO  o.e.m.c.i.embedder.EclipseLogger - Using 'UTF-8' encoding to copy filtered resources.
2020-06-24 18:00:58,251 [Worker-43: Building] INFO  o.e.m.c.i.embedder.EclipseLogger - skip non existing resourceDirectory C:\Users\Alexandre\Desktop\BE_GRAPH\BE_GRAPH\be-graphes\be-graphes-algos\src\test\resources
2020-06-24 18:01:26,253 [Worker-43: Building] INFO  o.e.m.c.i.embedder.EclipseLogger - Using 'UTF-8' encoding to copy filtered resources.
2020-06-24 18:01:26,253 [Worker-43: Building] INFO  o.e.m.c.i.embedder.EclipseLogger - skip non existing resourceDirectory C:\Users\Alexandre\Desktop\BE_GRAPH\BE_GRAPH\be-graphes\be-graphes-algos\src\main\resources
2020-06-24 18:01:26,254 [Worker-43: Building] INFO  o.e.m.c.i.embedder.EclipseLogger - Using 'UTF-8' encoding to copy filtered resources.
2020-06-24 18:01:26,254 [Worker-43: Building] INFO  o.e.m.c.i.embedder.EclipseLogger - skip non existing resourceDirectory C:\Users\Alexandre\Desktop\BE_GRAPH\BE_GRAPH\be-graphes\be-graphes-algos\src\test\resources
2020-06-24 18:01:38,231 [Worker-106: Building] INFO  o.e.m.c.i.embedder.EclipseLogger - Using 'UTF-8' encoding to copy filtered resources.
2020-06-24 18:01:38,231 [Worker-106: Building] INFO  o.e.m.c.i.embedder.EclipseLogger - skip non existing resourceDirectory C:\Users\Alexandre\Desktop\BE_GRAPH\BE_GRAPH\be-graphes\be-graphes-algos\src\main\resources
2020-06-24 18:01:38,231 [Worker-106: Building] INFO  o.e.m.c.i.embedder.EclipseLogger - Using 'UTF-8' encoding to copy filtered resources.
2020-06-24 18:01:38,232 [Worker-106: Building] INFO  o.e.m.c.i.embedder.EclipseLogger - skip non existing resourceDirectory C:\Users\Alexandre\Desktop\BE_GRAPH\BE_GRAPH\be-graphes\be-graphes-algos\src\test\resources
2020-06-24 18:01:51,195 [Worker-93: Building] INFO  o.e.m.c.i.embedder.EclipseLogger - Using 'UTF-8' encoding to copy filtered resources.
2020-06-24 18:01:51,196 [Worker-93: Building] INFO  o.e.m.c.i.embedder.EclipseLogger - skip non existing resourceDirectory C:\Users\Alexandre\Desktop\BE_GRAPH\BE_GRAPH\be-graphes\be-graphes-algos\src\main\resources
2020-06-24 18:01:51,196 [Worker-93: Building] INFO  o.e.m.c.i.embedder.EclipseLogger - Using 'UTF-8' encoding to copy filtered resources.
2020-06-24 18:01:51,196 [Worker-93: Building] INFO  o.e.m.c.i.embedder.EclipseLogger - skip non existing resourceDirectory C:\Users\Alexandre\Desktop\BE_GRAPH\BE_GRAPH\be-graphes\be-graphes-algos\src\test\resources
2020-06-24 18:02:37,275 [Worker-78: Building] INFO  o.e.m.c.i.embedder.EclipseLogger - Using 'UTF-8' encoding to copy filtered resources.
2020-06-24 18:02:37,275 [Worker-78: Building] INFO  o.e.m.c.i.embedder.EclipseLogger - skip non existing resourceDirectory C:\Users\Alexandre\Desktop\BE_GRAPH\BE_GRAPH\be-graphes\be-graphes-algos\src\main\resources
2020-06-24 18:02:37,276 [Worker-78: Building] INFO  o.e.m.c.i.embedder.EclipseLogger - Using 'UTF-8' encoding to copy filtered resources.
2020-06-24 18:02:37,276 [Worker-78: Building] INFO  o.e.m.c.i.embedder.EclipseLogger - skip non existing resourceDirectory C:\Users\Alexandre\Desktop\BE_GRAPH\BE_GRAPH\be-graphes\be-graphes-algos\src\test\resources
2020-06-24 18:03:36,931 [Worker-43: Building] INFO  o.e.m.c.i.embedder.EclipseLogger - Using 'UTF-8' encoding to copy filtered resources.
2020-06-24 18:03:36,931 [Worker-43: Building] INFO  o.e.m.c.i.embedder.EclipseLogger - skip non existing resourceDirectory C:\Users\Alexandre\Desktop\BE_GRAPH\BE_GRAPH\be-graphes\be-graphes-algos\src\main\resources
2020-06-24 18:03:36,932 [Worker-43: Building] INFO  o.e.m.c.i.embedder.EclipseLogger - Using 'UTF-8' encoding to copy filtered resources.
2020-06-24 18:03:36,932 [Worker-43: Building] INFO  o.e.m.c.i.embedder.EclipseLogger - skip non existing resourceDirectory C:\Users\Alexandre\Desktop\BE_GRAPH\BE_GRAPH\be-graphes\be-graphes-algos\src\test\resources
2020-06-24 18:03:47,606 [Worker-93: Building] INFO  o.e.m.c.i.embedder.EclipseLogger - Using 'UTF-8' encoding to copy filtered resources.
2020-06-24 18:03:47,607 [Worker-93: Building] INFO  o.e.m.c.i.embedder.EclipseLogger - skip non existing resourceDirectory C:\Users\Alexandre\Desktop\BE_GRAPH\BE_GRAPH\be-graphes\be-graphes-algos\src\main\resources
2020-06-24 18:03:47,607 [Worker-93: Building] INFO  o.e.m.c.i.embedder.EclipseLogger - Using 'UTF-8' encoding to copy filtered resources.
2020-06-24 18:03:47,608 [Worker-93: Building] INFO  o.e.m.c.i.embedder.EclipseLogger - skip non existing resourceDirectory C:\Users\Alexandre\Desktop\BE_GRAPH\BE_GRAPH\be-graphes\be-graphes-algos\src\test\resources
2020-06-24 18:03:55,325 [Worker-93: Building] INFO  o.e.m.c.i.embedder.EclipseLogger - Using 'UTF-8' encoding to copy filtered resources.
2020-06-24 18:03:55,326 [Worker-93: Building] INFO  o.e.m.c.i.embedder.EclipseLogger - skip non existing resourceDirectory C:\Users\Alexandre\Desktop\BE_GRAPH\BE_GRAPH\be-graphes\be-graphes-algos\src\main\resources
2020-06-24 18:03:55,326 [Worker-93: Building] INFO  o.e.m.c.i.embedder.EclipseLogger - Using 'UTF-8' encoding to copy filtered resources.
2020-06-24 18:03:55,326 [Worker-93: Building] INFO  o.e.m.c.i.embedder.EclipseLogger - skip non existing resourceDirectory C:\Users\Alexandre\Desktop\BE_GRAPH\BE_GRAPH\be-graphes\be-graphes-algos\src\test\resources
2020-06-24 18:04:20,700 [Worker-105: Building] INFO  o.e.m.c.i.embedder.EclipseLogger - Using 'UTF-8' encoding to copy filtered resources.
2020-06-24 18:04:20,700 [Worker-105: Building] INFO  o.e.m.c.i.embedder.EclipseLogger - skip non existing resourceDirectory C:\Users\Alexandre\Desktop\BE_GRAPH\BE_GRAPH\be-graphes\be-graphes-algos\src\main\resources
2020-06-24 18:04:20,701 [Worker-105: Building] INFO  o.e.m.c.i.embedder.EclipseLogger - Using 'UTF-8' encoding to copy filtered resources.
2020-06-24 18:04:20,701 [Worker-105: Building] INFO  o.e.m.c.i.embedder.EclipseLogger - skip non existing resourceDirectory C:\Users\Alexandre\Desktop\BE_GRAPH\BE_GRAPH\be-graphes\be-graphes-algos\src\test\resources
2020-06-24 18:04:26,335 [Worker-78: Building] INFO  o.e.m.c.i.embedder.EclipseLogger - Using 'UTF-8' encoding to copy filtered resources.
2020-06-24 18:04:26,335 [Worker-78: Building] INFO  o.e.m.c.i.embedder.EclipseLogger - skip non existing resourceDirectory C:\Users\Alexandre\Desktop\BE_GRAPH\BE_GRAPH\be-graphes\be-graphes-algos\src\main\resources
2020-06-24 18:04:26,336 [Worker-78: Building] INFO  o.e.m.c.i.embedder.EclipseLogger - Using 'UTF-8' encoding to copy filtered resources.
2020-06-24 18:04:26,336 [Worker-78: Building] INFO  o.e.m.c.i.embedder.EclipseLogger - skip non existing resourceDirectory C:\Users\Alexandre\Desktop\BE_GRAPH\BE_GRAPH\be-graphes\be-graphes-algos\src\test\resources
2020-06-24 18:04:39,596 [Worker-106: Building] INFO  o.e.m.c.i.embedder.EclipseLogger - Using 'UTF-8' encoding to copy filtered resources.
2020-06-24 18:04:39,596 [Worker-106: Building] INFO  o.e.m.c.i.embedder.EclipseLogger - skip non existing resourceDirectory C:\Users\Alexandre\Desktop\BE_GRAPH\BE_GRAPH\be-graphes\be-graphes-algos\src\main\resources
2020-06-24 18:04:39,597 [Worker-106: Building] INFO  o.e.m.c.i.embedder.EclipseLogger - Using 'UTF-8' encoding to copy filtered resources.
2020-06-24 18:04:39,597 [Worker-106: Building] INFO  o.e.m.c.i.embedder.EclipseLogger - skip non existing resourceDirectory C:\Users\Alexandre\Desktop\BE_GRAPH\BE_GRAPH\be-graphes\be-graphes-algos\src\test\resources
2020-06-24 18:05:03,156 [Worker-43: Building] INFO  o.e.m.c.i.embedder.EclipseLogger - Using 'UTF-8' encoding to copy filtered resources.
2020-06-24 18:05:03,157 [Worker-43: Building] INFO  o.e.m.c.i.embedder.EclipseLogger - skip non existing resourceDirectory C:\Users\Alexandre\Desktop\BE_GRAPH\BE_GRAPH\be-graphes\be-graphes-algos\src\main\resources
2020-06-24 18:05:03,157 [Worker-43: Building] INFO  o.e.m.c.i.embedder.EclipseLogger - Using 'UTF-8' encoding to copy filtered resources.
2020-06-24 18:05:03,157 [Worker-43: Building] INFO  o.e.m.c.i.embedder.EclipseLogger - skip non existing resourceDirectory C:\Users\Alexandre\Desktop\BE_GRAPH\BE_GRAPH\be-graphes\be-graphes-algos\src\test\resources
2020-06-24 18:05:13,153 [Worker-43: Building] INFO  o.e.m.c.i.embedder.EclipseLogger - Using 'UTF-8' encoding to copy filtered resources.
2020-06-24 18:05:13,154 [Worker-43: Building] INFO  o.e.m.c.i.embedder.EclipseLogger - skip non existing resourceDirectory C:\Users\Alexandre\Desktop\BE_GRAPH\BE_GRAPH\be-graphes\be-graphes-algos\src\main\resources
2020-06-24 18:05:13,154 [Worker-43: Building] INFO  o.e.m.c.i.embedder.EclipseLogger - Using 'UTF-8' encoding to copy filtered resources.
2020-06-24 18:05:13,154 [Worker-43: Building] INFO  o.e.m.c.i.embedder.EclipseLogger - skip non existing resourceDirectory C:\Users\Alexandre\Desktop\BE_GRAPH\BE_GRAPH\be-graphes\be-graphes-algos\src\test\resources
2020-06-24 18:06:24,312 [Worker-106: Building] INFO  o.e.m.c.i.embedder.EclipseLogger - Using 'UTF-8' encoding to copy filtered resources.
2020-06-24 18:06:24,312 [Worker-106: Building] INFO  o.e.m.c.i.embedder.EclipseLogger - skip non existing resourceDirectory C:\Users\Alexandre\Desktop\BE_GRAPH\BE_GRAPH\be-graphes\be-graphes-algos\src\main\resources
2020-06-24 18:06:24,313 [Worker-106: Building] INFO  o.e.m.c.i.embedder.EclipseLogger - Using 'UTF-8' encoding to copy filtered resources.
2020-06-24 18:06:24,313 [Worker-106: Building] INFO  o.e.m.c.i.embedder.EclipseLogger - skip non existing resourceDirectory C:\Users\Alexandre\Desktop\BE_GRAPH\BE_GRAPH\be-graphes\be-graphes-algos\src\test\resources
2020-06-24 18:06:54,038 [Worker-43: Launching PerformanceDijkstraAStar] INFO  o.e.m.c.i.p.WorkspaceClassifierResolverManager - Resolving P/be-graphes-model: org.insa.graphs:be-graphes-model:0.0.1-SNAPSHOT with classifier null to /be-graphes-model/target/classes
